<?xml version="1.0" encoding="UTF-8"?>
<coverage generated="1778947328189" clover="3.2.0">
  <project timestamp="1778947328189" name="All files">
    <metrics statements="391" coveredstatements="364" conditionals="153" coveredconditionals="126" methods="72" coveredmethods="60" elements="616" coveredelements="550" complexity="0" loc="391" ncloc="391" packages="4" files="8" classes="8"/>
    <package name="fourD">
      <metrics statements="199" coveredstatements="197" conditionals="51" coveredconditionals="39" methods="11" coveredmethods="11"/>
      <file name="generators.js" path="/Users/wongliliana/4d-art-generation/js/fourD/generators.js">
        <metrics statements="165" coveredstatements="163" conditionals="43" coveredconditionals="31" methods="8" coveredmethods="8"/>
        <line num="19" count="1" type="stmt"/>
        <line num="20" count="1" type="stmt"/>
        <line num="28" count="24" type="cond" truecount="1" falsecount="1"/>
        <line num="29" count="0" type="stmt"/>
        <line num="31" count="24" type="cond" truecount="3" falsecount="1"/>
        <line num="32" count="0" type="stmt"/>
        <line num="43" count="6" type="stmt"/>
        <line num="44" count="6" type="stmt"/>
        <line num="45" count="6" type="stmt"/>
        <line num="46" count="6" type="stmt"/>
        <line num="48" count="6" type="stmt"/>
        <line num="49" count="68" type="stmt"/>
        <line num="50" count="1296" type="stmt"/>
        <line num="51" count="34880" type="stmt"/>
        <line num="53" count="1065216" type="stmt"/>
        <line num="54" count="1065216" type="stmt"/>
        <line num="55" count="1065216" type="stmt"/>
        <line num="56" count="1065216" type="stmt"/>
        <line num="59" count="1065216" type="stmt"/>
        <line num="61" count="1065216" type="cond" truecount="2" falsecount="0"/>
        <line num="62" count="54965" type="stmt"/>
        <line num="68" count="54965" type="stmt"/>
        <line num="69" count="54965" type="stmt"/>
        <line num="70" count="54965" type="stmt"/>
        <line num="71" count="54965" type="stmt"/>
        <line num="73" count="54965" type="stmt"/>
        <line num="74" count="54965" type="cond" truecount="2" falsecount="0"/>
        <line num="76" count="54965" type="stmt"/>
        <line num="77" count="54965" type="stmt"/>
        <line num="78" count="54965" type="stmt"/>
        <line num="79" count="54965" type="stmt"/>
        <line num="86" count="6" type="stmt"/>
        <line num="96" count="6" type="stmt"/>
        <line num="97" count="6" type="stmt"/>
        <line num="98" count="6" type="stmt"/>
        <line num="99" count="6" type="stmt"/>
        <line num="101" count="6" type="stmt"/>
        <line num="102" count="48" type="stmt"/>
        <line num="103" count="384" type="stmt"/>
        <line num="104" count="3072" type="stmt"/>
        <line num="105" count="24576" type="stmt"/>
        <line num="106" count="24576" type="stmt"/>
        <line num="107" count="24576" type="stmt"/>
        <line num="108" count="24576" type="stmt"/>
        <line num="110" count="24576" type="stmt"/>
        <line num="112" count="24576" type="cond" truecount="2" falsecount="0"/>
        <line num="113" count="790" type="stmt"/>
        <line num="119" count="790" type="stmt"/>
        <line num="120" count="790" type="stmt"/>
        <line num="121" count="790" type="stmt"/>
        <line num="123" count="790" type="stmt"/>
        <line num="124" count="790" type="stmt"/>
        <line num="125" count="790" type="stmt"/>
        <line num="126" count="790" type="stmt"/>
        <line num="133" count="6" type="stmt"/>
        <line num="142" count="3" type="stmt"/>
        <line num="143" count="3" type="stmt"/>
        <line num="144" count="3" type="stmt"/>
        <line num="146" count="3" type="stmt"/>
        <line num="147" count="24" type="stmt"/>
        <line num="148" count="192" type="stmt"/>
        <line num="149" count="1536" type="stmt"/>
        <line num="150" count="12288" type="stmt"/>
        <line num="151" count="12288" type="stmt"/>
        <line num="152" count="12288" type="stmt"/>
        <line num="153" count="12288" type="stmt"/>
        <line num="156" count="12288" type="stmt"/>
        <line num="158" count="12288" type="cond" truecount="2" falsecount="0"/>
        <line num="159" count="387" type="stmt"/>
        <line num="164" count="387" type="stmt"/>
        <line num="166" count="387" type="stmt"/>
        <line num="167" count="387" type="stmt"/>
        <line num="168" count="387" type="stmt"/>
        <line num="169" count="387" type="stmt"/>
        <line num="176" count="3" type="stmt"/>
        <line num="185" count="3" type="stmt"/>
        <line num="186" count="3" type="stmt"/>
        <line num="187" count="3" type="stmt"/>
        <line num="190" count="3" type="stmt"/>
        <line num="191" count="3" type="stmt"/>
        <line num="194" count="3" type="stmt"/>
        <line num="202" count="3" type="stmt"/>
        <line num="203" count="24" type="stmt"/>
        <line num="204" count="192" type="stmt"/>
        <line num="205" count="1536" type="stmt"/>
        <line num="206" count="12288" type="stmt"/>
        <line num="207" count="12288" type="stmt"/>
        <line num="208" count="12288" type="stmt"/>
        <line num="209" count="12288" type="stmt"/>
        <line num="212" count="12288" type="stmt"/>
        <line num="213" count="12288" type="stmt"/>
        <line num="214" count="245760" type="stmt"/>
        <line num="215" count="245760" type="stmt"/>
        <line num="216" count="245760" type="stmt"/>
        <line num="217" count="245760" type="stmt"/>
        <line num="218" count="245760" type="stmt"/>
        <line num="221" count="12288" type="cond" truecount="2" falsecount="0"/>
        <line num="222" count="516" type="stmt"/>
        <line num="227" count="516" type="stmt"/>
        <line num="229" count="516" type="stmt"/>
        <line num="230" count="516" type="stmt"/>
        <line num="231" count="516" type="stmt"/>
        <line num="232" count="516" type="stmt"/>
        <line num="239" count="3" type="stmt"/>
        <line num="248" count="3" type="stmt"/>
        <line num="249" count="3" type="stmt"/>
        <line num="250" count="3" type="stmt"/>
        <line num="253" count="3" type="stmt"/>
        <line num="256" count="3" type="stmt"/>
        <line num="262" count="3" type="stmt"/>
        <line num="263" count="24" type="stmt"/>
        <line num="264" count="192" type="stmt"/>
        <line num="265" count="1536" type="stmt"/>
        <line num="266" count="12288" type="stmt"/>
        <line num="267" count="12288" type="stmt"/>
        <line num="268" count="12288" type="stmt"/>
        <line num="269" count="12288" type="stmt"/>
        <line num="272" count="12288" type="stmt"/>
        <line num="273" count="12288" type="stmt"/>
        <line num="274" count="147456" type="stmt"/>
        <line num="275" count="147456" type="stmt"/>
        <line num="276" count="147456" type="stmt"/>
        <line num="277" count="147456" type="stmt"/>
        <line num="278" count="147456" type="stmt"/>
        <line num="281" count="12288" type="cond" truecount="2" falsecount="0"/>
        <line num="282" count="216" type="stmt"/>
        <line num="287" count="216" type="stmt"/>
        <line num="289" count="216" type="stmt"/>
        <line num="290" count="216" type="stmt"/>
        <line num="291" count="216" type="stmt"/>
        <line num="292" count="216" type="stmt"/>
        <line num="299" count="3" type="stmt"/>
        <line num="310" count="3" type="stmt"/>
        <line num="311" count="3" type="stmt"/>
        <line num="312" count="3" type="stmt"/>
        <line num="314" count="3" type="stmt"/>
        <line num="315" count="24" type="stmt"/>
        <line num="316" count="192" type="stmt"/>
        <line num="317" count="1536" type="stmt"/>
        <line num="318" count="12288" type="stmt"/>
        <line num="319" count="12288" type="stmt"/>
        <line num="320" count="12288" type="stmt"/>
        <line num="321" count="12288" type="stmt"/>
        <line num="324" count="12288" type="stmt"/>
        <line num="326" count="12288" type="stmt"/>
        <line num="328" count="12288" type="stmt"/>
        <line num="330" count="12288" type="cond" truecount="2" falsecount="0"/>
        <line num="331" count="60" type="stmt"/>
        <line num="336" count="60" type="stmt"/>
        <line num="337" count="60" type="stmt"/>
        <line num="340" count="60" type="stmt"/>
        <line num="341" count="60" type="stmt"/>
        <line num="342" count="60" type="stmt"/>
        <line num="343" count="60" type="stmt"/>
        <line num="344" count="60" type="stmt"/>
        <line num="351" count="3" type="stmt"/>
        <line num="361" count="7" type="cond" truecount="1" falsecount="2"/>
        <line num="363" count="7" type="cond" truecount="7" falsecount="0"/>
        <line num="365" count="1" type="cond" truecount="1" falsecount="1"/>
        <line num="367" count="1" type="cond" truecount="1" falsecount="1"/>
        <line num="369" count="1" type="stmt"/>
        <line num="371" count="1" type="stmt"/>
        <line num="373" count="1" type="stmt"/>
        <line num="375" count="1" type="cond" truecount="2" falsecount="2"/>
        <line num="377" count="1" type="stmt"/>
      </file>
      <file name="slice.js" path="/Users/wongliliana/4d-art-generation/js/fourD/slice.js">
        <metrics statements="34" coveredstatements="34" conditionals="8" coveredconditionals="8" methods="3" coveredmethods="3"/>
        <line num="15" count="10" type="cond" truecount="4" falsecount="0"/>
        <line num="16" count="2" type="stmt"/>
        <line num="19" count="8" type="stmt"/>
        <line num="21" count="8" type="stmt"/>
        <line num="22" count="32" type="stmt"/>
        <line num="23" count="128" type="stmt"/>
        <line num="25" count="512" type="stmt"/>
        <line num="31" count="512" type="stmt"/>
        <line num="33" count="512" type="stmt"/>
        <line num="34" count="512" type="stmt"/>
        <line num="35" count="512" type="stmt"/>
        <line num="36" count="512" type="stmt"/>
        <line num="41" count="8" type="stmt"/>
        <line num="52" count="2" type="stmt"/>
        <line num="54" count="2" type="cond" truecount="2" falsecount="0"/>
        <line num="55" count="1" type="stmt"/>
        <line num="58" count="1" type="stmt"/>
        <line num="59" count="1" type="stmt"/>
        <line num="60" count="3" type="stmt"/>
        <line num="63" count="1" type="stmt"/>
        <line num="73" count="3" type="stmt"/>
        <line num="74" count="3" type="stmt"/>
        <line num="76" count="3" type="stmt"/>
        <line num="77" count="16" type="stmt"/>
        <line num="78" count="96" type="stmt"/>
        <line num="79" count="640" type="stmt"/>
        <line num="82" count="640" type="cond" truecount="2" falsecount="0"/>
        <line num="83" count="573" type="stmt"/>
        <line num="87" count="67" type="stmt"/>
        <line num="88" count="67" type="stmt"/>
        <line num="89" count="67" type="stmt"/>
        <line num="91" count="67" type="stmt"/>
        <line num="92" count="67" type="stmt"/>
        <line num="102" count="3" type="stmt"/>
      </file>
    </package>
    <package name="render">
      <metrics statements="93" coveredstatements="81" conditionals="84" coveredconditionals="72" methods="34" coveredmethods="27"/>
      <file name="camera.js" path="/Users/wongliliana/4d-art-generation/js/render/camera.js">
        <metrics statements="37" coveredstatements="31" conditionals="28" coveredconditionals="23" methods="10" coveredmethods="7"/>
        <line num="12" count="18" type="stmt"/>
        <line num="23" count="3" type="stmt"/>
        <line num="35" count="4" type="cond" truecount="2" falsecount="0"/>
        <line num="36" count="1" type="stmt"/>
        <line num="37" count="1" type="stmt"/>
        <line num="38" count="1" type="stmt"/>
        <line num="39" count="1" type="stmt"/>
        <line num="42" count="3" type="cond" truecount="2" falsecount="0"/>
        <line num="43" count="2" type="stmt"/>
        <line num="44" count="2" type="stmt"/>
        <line num="45" count="2" type="stmt"/>
        <line num="46" count="2" type="stmt"/>
        <line num="49" count="1" type="stmt"/>
        <line num="59" count="5" type="stmt"/>
        <line num="70" count="0" type="stmt"/>
        <line num="75" count="5" type="cond" truecount="4" falsecount="0"/>
        <line num="76" count="1" type="stmt"/>
        <line num="77" count="1" type="stmt"/>
        <line num="80" count="5" type="stmt"/>
        <line num="90" count="2" type="cond" truecount="3" falsecount="1"/>
        <line num="91" count="0" type="stmt"/>
        <line num="93" count="2" type="cond" truecount="3" falsecount="1"/>
        <line num="94" count="0" type="stmt"/>
        <line num="96" count="2" type="stmt"/>
        <line num="97" count="2" type="stmt"/>
        <line num="109" count="1" type="cond" truecount="3" falsecount="1"/>
        <line num="110" count="0" type="stmt"/>
        <line num="112" count="1" type="cond" truecount="3" falsecount="1"/>
        <line num="113" count="0" type="stmt"/>
        <line num="115" count="1" type="cond" truecount="3" falsecount="1"/>
        <line num="116" count="0" type="stmt"/>
        <line num="118" count="1" type="stmt"/>
        <line num="119" count="1" type="stmt"/>
        <line num="120" count="1" type="stmt"/>
        <line num="132" count="1" type="stmt"/>
        <line num="133" count="1" type="stmt"/>
        <line num="134" count="1" type="stmt"/>
      </file>
      <file name="renderer.js" path="/Users/wongliliana/4d-art-generation/js/render/renderer.js">
        <metrics statements="29" coveredstatements="27" conditionals="36" coveredconditionals="31" methods="14" coveredmethods="12"/>
        <line num="12" count="16" type="cond" truecount="1" falsecount="1"/>
        <line num="16" count="16" type="stmt"/>
        <line num="23" count="2" type="cond" truecount="1" falsecount="1"/>
        <line num="30" count="0" type="stmt"/>
        <line num="37" count="1" type="stmt"/>
        <line num="41" count="6" type="stmt"/>
        <line num="45" count="3" type="stmt"/>
        <line num="46" count="3" type="stmt"/>
        <line num="47" count="3" type="stmt"/>
        <line num="48" count="3" type="stmt"/>
        <line num="53" count="1" type="cond" truecount="3" falsecount="1"/>
        <line num="54" count="1" type="stmt"/>
        <line num="56" count="0" type="stmt"/>
        <line num="72" count="4" type="cond" truecount="5" falsecount="0"/>
        <line num="73" count="3" type="stmt"/>
        <line num="75" count="1" type="stmt"/>
        <line num="85" count="3" type="cond" truecount="4" falsecount="0"/>
        <line num="86" count="1" type="stmt"/>
        <line num="89" count="2" type="stmt"/>
        <line num="98" count="2" type="cond" truecount="2" falsecount="0"/>
        <line num="99" count="1" type="stmt"/>
        <line num="108" count="2" type="cond" truecount="4" falsecount="0"/>
        <line num="110" count="1" type="stmt"/>
        <line num="119" count="1" type="cond" truecount="1" falsecount="1"/>
        <line num="120" count="1" type="stmt"/>
        <line num="130" count="3" type="cond" truecount="4" falsecount="0"/>
        <line num="131" count="2" type="cond" truecount="2" falsecount="0"/>
        <line num="132" count="2" type="cond" truecount="2" falsecount="0"/>
        <line num="133" count="2" type="stmt"/>
      </file>
      <file name="scene.js" path="/Users/wongliliana/4d-art-generation/js/render/scene.js">
        <metrics statements="27" coveredstatements="23" conditionals="20" coveredconditionals="18" methods="10" coveredmethods="8"/>
        <line num="14" count="20" type="stmt"/>
        <line num="22" count="11" type="stmt"/>
        <line num="26" count="0" type="stmt"/>
        <line num="27" count="0" type="cond" truecount="0" falsecount="2"/>
        <line num="28" count="0" type="stmt"/>
        <line num="33" count="0" type="stmt"/>
        <line num="45" count="11" type="stmt"/>
        <line num="59" count="11" type="stmt"/>
        <line num="60" count="11" type="stmt"/>
        <line num="70" count="4" type="cond" truecount="4" falsecount="0"/>
        <line num="71" count="1" type="stmt"/>
        <line num="74" count="3" type="cond" truecount="2" falsecount="0"/>
        <line num="75" count="1" type="stmt"/>
        <line num="78" count="2" type="cond" truecount="4" falsecount="0"/>
        <line num="79" count="1" type="stmt"/>
        <line num="80" count="1" type="stmt"/>
        <line num="83" count="2" type="stmt"/>
        <line num="93" count="3" type="stmt"/>
        <line num="96" count="10" type="cond" truecount="2" falsecount="0"/>
        <line num="107" count="5" type="stmt"/>
        <line num="115" count="5" type="cond" truecount="2" falsecount="0"/>
        <line num="117" count="5" type="stmt"/>
        <line num="118" count="10" type="cond" truecount="2" falsecount="0"/>
        <line num="119" count="5" type="stmt"/>
        <line num="121" count="10" type="cond" truecount="2" falsecount="0"/>
        <line num="122" count="5" type="stmt"/>
        <line num="123" count="5" type="stmt"/>
      </file>
    </package>
    <package name="ui">
      <metrics statements="89" coveredstatements="83" conditionals="18" coveredconditionals="15" methods="23" coveredmethods="20"/>
      <file name="controls.js" path="/Users/wongliliana/4d-art-generation/js/ui/controls.js">
        <metrics statements="59" coveredstatements="53" conditionals="10" coveredconditionals="7" methods="16" coveredmethods="13"/>
        <line num="15" count="1" type="stmt"/>
        <line num="28" count="102" type="stmt"/>
        <line num="39" count="1" type="stmt"/>
        <line num="54" count="17" type="stmt"/>
        <line num="67" count="17" type="stmt"/>
        <line num="83" count="102" type="stmt"/>
        <line num="123" count="17" type="stmt"/>
        <line num="124" count="17" type="stmt"/>
        <line num="125" count="17" type="stmt"/>
        <line num="126" count="17" type="stmt"/>
        <line num="127" count="17" type="stmt"/>
        <line num="129" count="17" type="stmt"/>
        <line num="130" count="5" type="stmt"/>
        <line num="131" count="5" type="stmt"/>
        <line num="132" count="5" type="stmt"/>
        <line num="133" count="5" type="stmt"/>
        <line num="136" count="17" type="stmt"/>
        <line num="137" count="0" type="stmt"/>
        <line num="138" count="0" type="stmt"/>
        <line num="139" count="0" type="stmt"/>
        <line num="142" count="17" type="stmt"/>
        <line num="143" count="3" type="stmt"/>
        <line num="144" count="3" type="stmt"/>
        <line num="145" count="3" type="stmt"/>
        <line num="146" count="3" type="stmt"/>
        <line num="149" count="17" type="stmt"/>
        <line num="150" count="0" type="stmt"/>
        <line num="151" count="0" type="stmt"/>
        <line num="152" count="0" type="stmt"/>
        <line num="155" count="17" type="stmt"/>
        <line num="156" count="2" type="stmt"/>
        <line num="157" count="2" type="stmt"/>
        <line num="158" count="2" type="stmt"/>
        <line num="159" count="2" type="stmt"/>
        <line num="162" count="17" type="stmt"/>
        <line num="173" count="3" type="cond" truecount="1" falsecount="1"/>
        <line num="174" count="3" type="stmt"/>
        <line num="177" count="3" type="stmt"/>
        <line num="179" count="3" type="stmt"/>
        <line num="180" count="1" type="stmt"/>
        <line num="181" count="1" type="cond" truecount="1" falsecount="1"/>
        <line num="182" count="1" type="stmt"/>
        <line num="195" count="14" type="stmt"/>
        <line num="203" count="14" type="cond" truecount="2" falsecount="0"/>
        <line num="204" count="1" type="stmt"/>
        <line num="207" count="13" type="stmt"/>
        <line num="209" count="13" type="cond" truecount="1" falsecount="1"/>
        <line num="210" count="13" type="stmt"/>
        <line num="213" count="13" type="stmt"/>
        <line num="214" count="13" type="stmt"/>
        <line num="217" count="13" type="stmt"/>
        <line num="227" count="10" type="cond" truecount="2" falsecount="0"/>
        <line num="228" count="2" type="stmt"/>
        <line num="237" count="1" type="stmt"/>
        <line num="238" count="1" type="stmt"/>
        <line num="239" count="1" type="stmt"/>
        <line num="240" count="1" type="stmt"/>
        <line num="241" count="1" type="stmt"/>
        <line num="250" count="3" type="stmt"/>
      </file>
      <file name="state.js" path="/Users/wongliliana/4d-art-generation/js/ui/state.js">
        <metrics statements="30" coveredstatements="30" conditionals="8" coveredconditionals="8" methods="7" coveredmethods="7"/>
        <line num="11" count="1" type="stmt"/>
        <line num="22" count="1" type="stmt"/>
        <line num="30" count="14" type="stmt"/>
        <line num="32" count="14" type="stmt"/>
        <line num="33" count="20" type="stmt"/>
        <line num="37" count="12" type="stmt"/>
        <line num="49" count="13" type="stmt"/>
        <line num="52" count="13" type="cond" truecount="8" falsecount="0"/>
        <line num="54" count="6" type="stmt"/>
        <line num="55" count="6" type="stmt"/>
        <line num="58" count="1" type="stmt"/>
        <line num="59" count="1" type="stmt"/>
        <line num="62" count="1" type="stmt"/>
        <line num="63" count="1" type="stmt"/>
        <line num="66" count="1" type="stmt"/>
        <line num="67" count="1" type="stmt"/>
        <line num="70" count="1" type="stmt"/>
        <line num="71" count="1" type="stmt"/>
        <line num="74" count="1" type="stmt"/>
        <line num="75" count="1" type="stmt"/>
        <line num="78" count="1" type="stmt"/>
        <line num="79" count="1" type="stmt"/>
        <line num="83" count="1" type="stmt"/>
        <line num="87" count="12" type="stmt"/>
        <line num="90" count="12" type="stmt"/>
        <line num="92" count="12" type="stmt"/>
        <line num="102" count="4" type="stmt"/>
        <line num="105" count="4" type="stmt"/>
        <line num="106" count="2" type="stmt"/>
        <line num="111" count="1" type="stmt"/>
      </file>
    </package>
    <package name="utils">
      <metrics statements="10" coveredstatements="3" conditionals="0" coveredconditionals="0" methods="4" coveredmethods="2"/>
      <file name="hash.js" path="/Users/wongliliana/4d-art-generation/js/utils/hash.js">
        <metrics statements="10" coveredstatements="3" conditionals="0" coveredconditionals="0" methods="4" coveredmethods="2"/>
        <line num="14" count="6" type="stmt"/>
        <line num="15" count="6" type="stmt"/>
        <line num="16" count="0" type="stmt"/>
        <line num="17" count="0" type="stmt"/>
        <line num="18" count="0" type="stmt"/>
        <line num="19" count="0" type="stmt"/>
        <line num="28" count="4" type="stmt"/>
        <line num="29" count="0" type="stmt"/>
        <line num="30" count="0" type="stmt"/>
        <line num="31" count="0" type="stmt"/>
      </file>
    </package>
  </project>
</coverage>
