{"/Users/wongliliana/4d-art-generation/js/utils/hash.js": {"path":"/Users/wongliliana/4d-art-generation/js/utils/hash.js","statementMap":{"0":{"start":{"line":14,"column":14},"end":{"line":14,"column":34}},"1":{"start":{"line":15,"column":18},"end":{"line":15,"column":35}},"2":{"start":{"line":16,"column":21},"end":{"line":16,"column":40}},"3":{"start":{"line":17,"column":21},"end":{"line":17,"column":70}},"4":{"start":{"line":18,"column":20},"end":{"line":18,"column":58}},"5":{"start":{"line":19,"column":2},"end":{"line":19,"column":82}},"6":{"start":{"line":19,"column":40},"end":{"line":19,"column":71}},"7":{"start":{"line":28,"column":22},"end":{"line":28,"column":46}},"8":{"start":{"line":29,"column":21},"end":{"line":29,"column":71}},"9":{"start":{"line":30,"column":20},"end":{"line":30,"column":58}},"10":{"start":{"line":31,"column":2},"end":{"line":31,"column":82}},"11":{"start":{"line":31,"column":40},"end":{"line":31,"column":71}}},"fnMap":{"0":{"name":"generateContentHash","decl":{"start":{"line":13,"column":22},"end":{"line":13,"column":41}},"loc":{"start":{"line":13,"column":48},"end":{"line":20,"column":1}},"line":13},"1":{"name":"(anonymous_1)","decl":{"start":{"line":19,"column":35},"end":{"line":19,"column":36}},"loc":{"start":{"line":19,"column":40},"end":{"line":19,"column":71}},"line":19},"2":{"name":"generateFileHash","decl":{"start":{"line":27,"column":22},"end":{"line":27,"column":38}},"loc":{"start":{"line":27,"column":45},"end":{"line":32,"column":1}},"line":27},"3":{"name":"(anonymous_3)","decl":{"start":{"line":31,"column":35},"end":{"line":31,"column":36}},"loc":{"start":{"line":31,"column":40},"end":{"line":31,"column":71}},"line":31}},"branchMap":{},"s":{"0":14,"1":14,"2":14,"3":14,"4":14,"5":14,"6":84,"7":8,"8":8,"9":8,"10":8,"11":48},"f":{"0":14,"1":84,"2":8,"3":48},"b":{},"inputSourceMap":null,"_coverageSchema":"1a1c01bbd47fc00a2c39e90264f33305004495a9","hash":"8a966311554f19b708aa9aa8f6da19c3d242c329"}
}
