{"/Users/wongliliana/4d-art-generation/js/fourD/generators.js": {"path":"/Users/wongliliana/4d-art-generation/js/fourD/generators.js","statementMap":{"0":{"start":{"line":19,"column":23},"end":{"line":19,"column":24}},"1":{"start":{"line":20,"column":23},"end":{"line":20,"column":25}},"2":{"start":{"line":28,"column":2},"end":{"line":30,"column":3}},"3":{"start":{"line":29,"column":4},"end":{"line":29,"column":79}},"4":{"start":{"line":31,"column":2},"end":{"line":33,"column":3}},"5":{"start":{"line":32,"column":4},"end":{"line":32,"column":90}},"6":{"start":{"line":43,"column":2},"end":{"line":43,"column":33}},"7":{"start":{"line":44,"column":15},"end":{"line":44,"column":52}},"8":{"start":{"line":45,"column":19},"end":{"line":45,"column":27}},"9":{"start":{"line":46,"column":18},"end":{"line":46,"column":32}},"10":{"start":{"line":48,"column":2},"end":{"line":84,"column":3}},"11":{"start":{"line":48,"column":15},"end":{"line":48,"column":16}},"12":{"start":{"line":49,"column":4},"end":{"line":83,"column":5}},"13":{"start":{"line":49,"column":17},"end":{"line":49,"column":18}},"14":{"start":{"line":50,"column":6},"end":{"line":82,"column":7}},"15":{"start":{"line":50,"column":19},"end":{"line":50,"column":20}},"16":{"start":{"line":51,"column":8},"end":{"line":81,"column":9}},"17":{"start":{"line":51,"column":21},"end":{"line":51,"column":22}},"18":{"start":{"line":53,"column":21},"end":{"line":53,"column":44}},"19":{"start":{"line":54,"column":21},"end":{"line":54,"column":44}},"20":{"start":{"line":55,"column":21},"end":{"line":55,"column":44}},"21":{"start":{"line":56,"column":21},"end":{"line":56,"column":44}},"22":{"start":{"line":59,"column":31},"end":{"line":59,"column":95}},"23":{"start":{"line":61,"column":10},"end":{"line":80,"column":11}},"24":{"start":{"line":62,"column":26},"end":{"line":65,"column":31}},"25":{"start":{"line":68,"column":26},"end":{"line":68,"column":53}},"26":{"start":{"line":69,"column":26},"end":{"line":69,"column":53}},"27":{"start":{"line":70,"column":26},"end":{"line":70,"column":53}},"28":{"start":{"line":71,"column":26},"end":{"line":71,"column":53}},"29":{"start":{"line":73,"column":28},"end":{"line":73,"column":64}},"30":{"start":{"line":74,"column":30},"end":{"line":74,"column":71}},"31":{"start":{"line":76,"column":12},"end":{"line":76,"column":36}},"32":{"start":{"line":77,"column":12},"end":{"line":77,"column":40}},"33":{"start":{"line":78,"column":12},"end":{"line":78,"column":40}},"34":{"start":{"line":79,"column":12},"end":{"line":79,"column":32}},"35":{"start":{"line":86,"column":2},"end":{"line":86,"column":14}},"36":{"start":{"line":96,"column":2},"end":{"line":96,"column":33}},"37":{"start":{"line":97,"column":15},"end":{"line":97,"column":52}},"38":{"start":{"line":98,"column":18},"end":{"line":98,"column":32}},"39":{"start":{"line":99,"column":19},"end":{"line":99,"column":34}},"40":{"start":{"line":101,"column":2},"end":{"line":131,"column":3}},"41":{"start":{"line":101,"column":15},"end":{"line":101,"column":16}},"42":{"start":{"line":102,"column":4},"end":{"line":130,"column":5}},"43":{"start":{"line":102,"column":17},"end":{"line":102,"column":18}},"44":{"start":{"line":103,"column":6},"end":{"line":129,"column":7}},"45":{"start":{"line":103,"column":19},"end":{"line":103,"column":20}},"46":{"start":{"line":104,"column":8},"end":{"line":128,"column":9}},"47":{"start":{"line":104,"column":21},"end":{"line":104,"column":22}},"48":{"start":{"line":105,"column":21},"end":{"line":105,"column":44}},"49":{"start":{"line":106,"column":21},"end":{"line":106,"column":44}},"50":{"start":{"line":107,"column":21},"end":{"line":107,"column":44}},"51":{"start":{"line":108,"column":21},"end":{"line":108,"column":44}},"52":{"start":{"line":110,"column":25},"end":{"line":110,"column":62}},"53":{"start":{"line":112,"column":10},"end":{"line":127,"column":11}},"54":{"start":{"line":113,"column":26},"end":{"line":116,"column":31}},"55":{"start":{"line":119,"column":25},"end":{"line":119,"column":42}},"56":{"start":{"line":120,"column":35},"end":{"line":120,"column":48}},"57":{"start":{"line":121,"column":26},"end":{"line":121,"column":44}},"58":{"start":{"line":123,"column":12},"end":{"line":123,"column":32}},"59":{"start":{"line":124,"column":12},"end":{"line":124,"column":42}},"60":{"start":{"line":125,"column":12},"end":{"line":125,"column":42}},"61":{"start":{"line":126,"column":12},"end":{"line":126,"column":32}},"62":{"start":{"line":133,"column":2},"end":{"line":133,"column":14}},"63":{"start":{"line":142,"column":2},"end":{"line":142,"column":33}},"64":{"start":{"line":143,"column":15},"end":{"line":143,"column":52}},"65":{"start":{"line":144,"column":18},"end":{"line":144,"column":32}},"66":{"start":{"line":146,"column":2},"end":{"line":174,"column":3}},"67":{"start":{"line":146,"column":15},"end":{"line":146,"column":16}},"68":{"start":{"line":147,"column":4},"end":{"line":173,"column":5}},"69":{"start":{"line":147,"column":17},"end":{"line":147,"column":18}},"70":{"start":{"line":148,"column":6},"end":{"line":172,"column":7}},"71":{"start":{"line":148,"column":19},"end":{"line":148,"column":20}},"72":{"start":{"line":149,"column":8},"end":{"line":171,"column":9}},"73":{"start":{"line":149,"column":21},"end":{"line":149,"column":22}},"74":{"start":{"line":150,"column":21},"end":{"line":150,"column":44}},"75":{"start":{"line":151,"column":21},"end":{"line":151,"column":44}},"76":{"start":{"line":152,"column":21},"end":{"line":152,"column":44}},"77":{"start":{"line":153,"column":21},"end":{"line":153,"column":44}},"78":{"start":{"line":156,"column":32},"end":{"line":156,"column":89}},"79":{"start":{"line":158,"column":10},"end":{"line":170,"column":11}},"80":{"start":{"line":159,"column":26},"end":{"line":162,"column":31}},"81":{"start":{"line":164,"column":26},"end":{"line":164,"column":49}},"82":{"start":{"line":166,"column":12},"end":{"line":166,"column":38}},"83":{"start":{"line":167,"column":12},"end":{"line":167,"column":36}},"84":{"start":{"line":168,"column":12},"end":{"line":168,"column":42}},"85":{"start":{"line":169,"column":12},"end":{"line":169,"column":32}},"86":{"start":{"line":176,"column":2},"end":{"line":176,"column":14}},"87":{"start":{"line":185,"column":2},"end":{"line":185,"column":33}},"88":{"start":{"line":186,"column":15},"end":{"line":186,"column":52}},"89":{"start":{"line":187,"column":18},"end":{"line":187,"column":32}},"90":{"start":{"line":190,"column":14},"end":{"line":190,"column":36}},"91":{"start":{"line":191,"column":17},"end":{"line":191,"column":24}},"92":{"start":{"line":194,"column":19},"end":{"line":200,"column":3}},"93":{"start":{"line":202,"column":2},"end":{"line":237,"column":3}},"94":{"start":{"line":202,"column":15},"end":{"line":202,"column":16}},"95":{"start":{"line":203,"column":4},"end":{"line":236,"column":5}},"96":{"start":{"line":203,"column":17},"end":{"line":203,"column":18}},"97":{"start":{"line":204,"column":6},"end":{"line":235,"column":7}},"98":{"start":{"line":204,"column":19},"end":{"line":204,"column":20}},"99":{"start":{"line":205,"column":8},"end":{"line":234,"column":9}},"100":{"start":{"line":205,"column":21},"end":{"line":205,"column":22}},"101":{"start":{"line":206,"column":21},"end":{"line":206,"column":44}},"102":{"start":{"line":207,"column":21},"end":{"line":207,"column":44}},"103":{"start":{"line":208,"column":21},"end":{"line":208,"column":44}},"104":{"start":{"line":209,"column":21},"end":{"line":209,"column":44}},"105":{"start":{"line":212,"column":24},"end":{"line":212,"column":32}},"106":{"start":{"line":213,"column":10},"end":{"line":219,"column":11}},"107":{"start":{"line":214,"column":23},"end":{"line":214,"column":38}},"108":{"start":{"line":215,"column":23},"end":{"line":215,"column":38}},"109":{"start":{"line":216,"column":23},"end":{"line":216,"column":38}},"110":{"start":{"line":217,"column":25},"end":{"line":217,"column":84}},"111":{"start":{"line":218,"column":12},"end":{"line":218,"column":46}},"112":{"start":{"line":221,"column":10},"end":{"line":233,"column":11}},"113":{"start":{"line":222,"column":26},"end":{"line":225,"column":31}},"114":{"start":{"line":227,"column":26},"end":{"line":227,"column":43}},"115":{"start":{"line":229,"column":12},"end":{"line":229,"column":32}},"116":{"start":{"line":230,"column":12},"end":{"line":230,"column":42}},"117":{"start":{"line":231,"column":12},"end":{"line":231,"column":42}},"118":{"start":{"line":232,"column":12},"end":{"line":232,"column":32}},"119":{"start":{"line":239,"column":2},"end":{"line":239,"column":14}},"120":{"start":{"line":248,"column":2},"end":{"line":248,"column":33}},"121":{"start":{"line":249,"column":15},"end":{"line":249,"column":52}},"122":{"start":{"line":250,"column":18},"end":{"line":250,"column":32}},"123":{"start":{"line":253,"column":14},"end":{"line":253,"column":36}},"124":{"start":{"line":256,"column":19},"end":{"line":260,"column":3}},"125":{"start":{"line":262,"column":2},"end":{"line":297,"column":3}},"126":{"start":{"line":262,"column":15},"end":{"line":262,"column":16}},"127":{"start":{"line":263,"column":4},"end":{"line":296,"column":5}},"128":{"start":{"line":263,"column":17},"end":{"line":263,"column":18}},"129":{"start":{"line":264,"column":6},"end":{"line":295,"column":7}},"130":{"start":{"line":264,"column":19},"end":{"line":264,"column":20}},"131":{"start":{"line":265,"column":8},"end":{"line":294,"column":9}},"132":{"start":{"line":265,"column":21},"end":{"line":265,"column":22}},"133":{"start":{"line":266,"column":21},"end":{"line":266,"column":44}},"134":{"start":{"line":267,"column":21},"end":{"line":267,"column":44}},"135":{"start":{"line":268,"column":21},"end":{"line":268,"column":44}},"136":{"start":{"line":269,"column":21},"end":{"line":269,"column":44}},"137":{"start":{"line":272,"column":24},"end":{"line":272,"column":32}},"138":{"start":{"line":273,"column":10},"end":{"line":279,"column":11}},"139":{"start":{"line":274,"column":23},"end":{"line":274,"column":38}},"140":{"start":{"line":275,"column":23},"end":{"line":275,"column":38}},"141":{"start":{"line":276,"column":23},"end":{"line":276,"column":38}},"142":{"start":{"line":277,"column":25},"end":{"line":277,"column":84}},"143":{"start":{"line":278,"column":12},"end":{"line":278,"column":46}},"144":{"start":{"line":281,"column":10},"end":{"line":293,"column":11}},"145":{"start":{"line":282,"column":26},"end":{"line":285,"column":31}},"146":{"start":{"line":287,"column":26},"end":{"line":287,"column":44}},"147":{"start":{"line":289,"column":12},"end":{"line":289,"column":38}},"148":{"start":{"line":290,"column":12},"end":{"line":290,"column":42}},"149":{"start":{"line":291,"column":12},"end":{"line":291,"column":36}},"150":{"start":{"line":292,"column":12},"end":{"line":292,"column":32}},"151":{"start":{"line":299,"column":2},"end":{"line":299,"column":14}},"152":{"start":{"line":310,"column":2},"end":{"line":310,"column":33}},"153":{"start":{"line":311,"column":15},"end":{"line":311,"column":52}},"154":{"start":{"line":312,"column":18},"end":{"line":312,"column":32}},"155":{"start":{"line":314,"column":2},"end":{"line":349,"column":3}},"156":{"start":{"line":314,"column":15},"end":{"line":314,"column":16}},"157":{"start":{"line":315,"column":4},"end":{"line":348,"column":5}},"158":{"start":{"line":315,"column":17},"end":{"line":315,"column":18}},"159":{"start":{"line":316,"column":6},"end":{"line":347,"column":7}},"160":{"start":{"line":316,"column":19},"end":{"line":316,"column":20}},"161":{"start":{"line":317,"column":8},"end":{"line":346,"column":9}},"162":{"start":{"line":317,"column":21},"end":{"line":317,"column":22}},"163":{"start":{"line":318,"column":21},"end":{"line":318,"column":44}},"164":{"start":{"line":319,"column":21},"end":{"line":319,"column":44}},"165":{"start":{"line":320,"column":21},"end":{"line":320,"column":44}},"166":{"start":{"line":321,"column":21},"end":{"line":321,"column":44}},"167":{"start":{"line":324,"column":22},"end":{"line":324,"column":50}},"168":{"start":{"line":326,"column":33},"end":{"line":326,"column":60}},"169":{"start":{"line":328,"column":29},"end":{"line":328,"column":91}},"170":{"start":{"line":330,"column":10},"end":{"line":345,"column":11}},"171":{"start":{"line":331,"column":26},"end":{"line":334,"column":31}},"172":{"start":{"line":336,"column":35},"end":{"line":336,"column":59}},"173":{"start":{"line":337,"column":26},"end":{"line":337,"column":44}},"174":{"start":{"line":340,"column":26},"end":{"line":340,"column":44}},"175":{"start":{"line":341,"column":12},"end":{"line":341,"column":54}},"176":{"start":{"line":342,"column":12},"end":{"line":342,"column":62}},"177":{"start":{"line":343,"column":12},"end":{"line":343,"column":62}},"178":{"start":{"line":344,"column":12},"end":{"line":344,"column":32}},"179":{"start":{"line":351,"column":2},"end":{"line":351,"column":14}},"180":{"start":{"line":361,"column":21},"end":{"line":361,"column":59}},"181":{"start":{"line":363,"column":2},"end":{"line":378,"column":3}},"182":{"start":{"line":365,"column":6},"end":{"line":365,"column":63}},"183":{"start":{"line":367,"column":6},"end":{"line":367,"column":64}},"184":{"start":{"line":369,"column":6},"end":{"line":369,"column":46}},"185":{"start":{"line":371,"column":6},"end":{"line":371,"column":48}},"186":{"start":{"line":373,"column":6},"end":{"line":373,"column":47}},"187":{"start":{"line":375,"column":6},"end":{"line":375,"column":85}},"188":{"start":{"line":377,"column":6},"end":{"line":377,"column":53}}},"fnMap":{"0":{"name":"validateResolution","decl":{"start":{"line":27,"column":9},"end":{"line":27,"column":27}},"loc":{"start":{"line":27,"column":40},"end":{"line":34,"column":1}},"line":27},"1":{"name":"generateTesseract","decl":{"start":{"line":42,"column":16},"end":{"line":42,"column":33}},"loc":{"start":{"line":42,"column":58},"end":{"line":87,"column":1}},"line":42},"2":{"name":"generate4DSphere","decl":{"start":{"line":95,"column":16},"end":{"line":95,"column":32}},"loc":{"start":{"line":95,"column":59},"end":{"line":134,"column":1}},"line":95},"3":{"name":"generate4DOctahedron","decl":{"start":{"line":141,"column":16},"end":{"line":141,"column":36}},"loc":{"start":{"line":141,"column":49},"end":{"line":177,"column":1}},"line":141},"4":{"name":"generate4DDodecahedron","decl":{"start":{"line":184,"column":16},"end":{"line":184,"column":38}},"loc":{"start":{"line":184,"column":51},"end":{"line":240,"column":1}},"line":184},"5":{"name":"generate4DIcosahedron","decl":{"start":{"line":247,"column":16},"end":{"line":247,"column":37}},"loc":{"start":{"line":247,"column":50},"end":{"line":300,"column":1}},"line":247},"6":{"name":"generate4DTorus","decl":{"start":{"line":309,"column":16},"end":{"line":309,"column":31}},"loc":{"start":{"line":309,"column":82},"end":{"line":352,"column":1}},"line":309},"7":{"name":"generate","decl":{"start":{"line":360,"column":16},"end":{"line":360,"column":24}},"loc":{"start":{"line":360,"column":44},"end":{"line":379,"column":1}},"line":360}},"branchMap":{"0":{"loc":{"start":{"line":28,"column":2},"end":{"line":30,"column":3}},"type":"if","locations":[{"start":{"line":28,"column":2},"end":{"line":30,"column":3}},{"start":{},"end":{}}],"line":28},"1":{"loc":{"start":{"line":31,"column":2},"end":{"line":33,"column":3}},"type":"if","locations":[{"start":{"line":31,"column":2},"end":{"line":33,"column":3}},{"start":{},"end":{}}],"line":31},"2":{"loc":{"start":{"line":31,"column":6},"end":{"line":31,"column":64}},"type":"binary-expr","locations":[{"start":{"line":31,"column":6},"end":{"line":31,"column":33}},{"start":{"line":31,"column":37},"end":{"line":31,"column":64}}],"line":31},"3":{"loc":{"start":{"line":42,"column":46},"end":{"line":42,"column":56}},"type":"default-arg","locations":[{"start":{"line":42,"column":53},"end":{"line":42,"column":56}}],"line":42},"4":{"loc":{"start":{"line":61,"column":10},"end":{"line":80,"column":11}},"type":"if","locations":[{"start":{"line":61,"column":10},"end":{"line":80,"column":11}},{"start":{},"end":{}}],"line":61},"5":{"loc":{"start":{"line":74,"column":30},"end":{"line":74,"column":71}},"type":"cond-expr","locations":[{"start":{"line":74,"column":46},"end":{"line":74,"column":49}},{"start":{"line":74,"column":52},"end":{"line":74,"column":71}}],"line":74},"6":{"loc":{"start":{"line":95,"column":45},"end":{"line":95,"column":57}},"type":"default-arg","locations":[{"start":{"line":95,"column":54},"end":{"line":95,"column":57}}],"line":95},"7":{"loc":{"start":{"line":112,"column":10},"end":{"line":127,"column":11}},"type":"if","locations":[{"start":{"line":112,"column":10},"end":{"line":127,"column":11}},{"start":{},"end":{}}],"line":112},"8":{"loc":{"start":{"line":158,"column":10},"end":{"line":170,"column":11}},"type":"if","locations":[{"start":{"line":158,"column":10},"end":{"line":170,"column":11}},{"start":{},"end":{}}],"line":158},"9":{"loc":{"start":{"line":221,"column":10},"end":{"line":233,"column":11}},"type":"if","locations":[{"start":{"line":221,"column":10},"end":{"line":233,"column":11}},{"start":{},"end":{}}],"line":221},"10":{"loc":{"start":{"line":281,"column":10},"end":{"line":293,"column":11}},"type":"if","locations":[{"start":{"line":281,"column":10},"end":{"line":293,"column":11}},{"start":{},"end":{}}],"line":281},"11":{"loc":{"start":{"line":309,"column":44},"end":{"line":309,"column":61}},"type":"default-arg","locations":[{"start":{"line":309,"column":58},"end":{"line":309,"column":61}}],"line":309},"12":{"loc":{"start":{"line":309,"column":63},"end":{"line":309,"column":80}},"type":"default-arg","locations":[{"start":{"line":309,"column":77},"end":{"line":309,"column":80}}],"line":309},"13":{"loc":{"start":{"line":330,"column":10},"end":{"line":345,"column":11}},"type":"if","locations":[{"start":{"line":330,"column":10},"end":{"line":345,"column":11}},{"start":{},"end":{}}],"line":330},"14":{"loc":{"start":{"line":360,"column":31},"end":{"line":360,"column":42}},"type":"default-arg","locations":[{"start":{"line":360,"column":40},"end":{"line":360,"column":42}}],"line":360},"15":{"loc":{"start":{"line":361,"column":21},"end":{"line":361,"column":59}},"type":"binary-expr","locations":[{"start":{"line":361,"column":21},"end":{"line":361,"column":32}},{"start":{"line":361,"column":36},"end":{"line":361,"column":53}},{"start":{"line":361,"column":57},"end":{"line":361,"column":59}}],"line":361},"16":{"loc":{"start":{"line":363,"column":2},"end":{"line":378,"column":3}},"type":"switch","locations":[{"start":{"line":364,"column":4},"end":{"line":365,"column":63}},{"start":{"line":366,"column":4},"end":{"line":367,"column":64}},{"start":{"line":368,"column":4},"end":{"line":369,"column":46}},{"start":{"line":370,"column":4},"end":{"line":371,"column":48}},{"start":{"line":372,"column":4},"end":{"line":373,"column":47}},{"start":{"line":374,"column":4},"end":{"line":375,"column":85}},{"start":{"line":376,"column":4},"end":{"line":377,"column":53}}],"line":363},"17":{"loc":{"start":{"line":365,"column":43},"end":{"line":365,"column":61}},"type":"binary-expr","locations":[{"start":{"line":365,"column":43},"end":{"line":365,"column":54}},{"start":{"line":365,"column":58},"end":{"line":365,"column":61}}],"line":365},"18":{"loc":{"start":{"line":367,"column":42},"end":{"line":367,"column":62}},"type":"binary-expr","locations":[{"start":{"line":367,"column":42},"end":{"line":367,"column":55}},{"start":{"line":367,"column":59},"end":{"line":367,"column":62}}],"line":367},"19":{"loc":{"start":{"line":375,"column":41},"end":{"line":375,"column":61}},"type":"binary-expr","locations":[{"start":{"line":375,"column":41},"end":{"line":375,"column":54}},{"start":{"line":375,"column":58},"end":{"line":375,"column":61}}],"line":375},"20":{"loc":{"start":{"line":375,"column":63},"end":{"line":375,"column":83}},"type":"binary-expr","locations":[{"start":{"line":375,"column":63},"end":{"line":375,"column":76}},{"start":{"line":375,"column":80},"end":{"line":375,"column":83}}],"line":375}},"s":{"0":1,"1":1,"2":24,"3":0,"4":24,"5":0,"6":6,"7":6,"8":6,"9":6,"10":6,"11":6,"12":68,"13":68,"14":1296,"15":1296,"16":34880,"17":34880,"18":1065216,"19":1065216,"20":1065216,"21":1065216,"22":1065216,"23":1065216,"24":54965,"25":54965,"26":54965,"27":54965,"28":54965,"29":54965,"30":54965,"31":54965,"32":54965,"33":54965,"34":54965,"35":6,"36":6,"37":6,"38":6,"39":6,"40":6,"41":6,"42":48,"43":48,"44":384,"45":384,"46":3072,"47":3072,"48":24576,"49":24576,"50":24576,"51":24576,"52":24576,"53":24576,"54":790,"55":790,"56":790,"57":790,"58":790,"59":790,"60":790,"61":790,"62":6,"63":3,"64":3,"65":3,"66":3,"67":3,"68":24,"69":24,"70":192,"71":192,"72":1536,"73":1536,"74":12288,"75":12288,"76":12288,"77":12288,"78":12288,"79":12288,"80":387,"81":387,"82":387,"83":387,"84":387,"85":387,"86":3,"87":3,"88":3,"89":3,"90":3,"91":3,"92":3,"93":3,"94":3,"95":24,"96":24,"97":192,"98":192,"99":1536,"100":1536,"101":12288,"102":12288,"103":12288,"104":12288,"105":12288,"106":12288,"107":245760,"108":245760,"109":245760,"110":245760,"111":245760,"112":12288,"113":516,"114":516,"115":516,"116":516,"117":516,"118":516,"119":3,"120":3,"121":3,"122":3,"123":3,"124":3,"125":3,"126":3,"127":24,"128":24,"129":192,"130":192,"131":1536,"132":1536,"133":12288,"134":12288,"135":12288,"136":12288,"137":12288,"138":12288,"139":147456,"140":147456,"141":147456,"142":147456,"143":147456,"144":12288,"145":216,"146":216,"147":216,"148":216,"149":216,"150":216,"151":3,"152":3,"153":3,"154":3,"155":3,"156":3,"157":24,"158":24,"159":192,"160":192,"161":1536,"162":1536,"163":12288,"164":12288,"165":12288,"166":12288,"167":12288,"168":12288,"169":12288,"170":12288,"171":60,"172":60,"173":60,"174":60,"175":60,"176":60,"177":60,"178":60,"179":3,"180":7,"181":7,"182":1,"183":1,"184":1,"185":1,"186":1,"187":1,"188":1},"f":{"0":24,"1":6,"2":6,"3":3,"4":3,"5":3,"6":3,"7":7},"b":{"0":[0,24],"1":[0,24],"2":[24,24],"3":[5],"4":[54965,1010251],"5":[22064,32901],"6":[0],"7":[790,23786],"8":[387,11901],"9":[516,11772],"10":[216,12072],"11":[0],"12":[0],"13":[60,12228],"14":[0],"15":[7,0,0],"16":[1,1,1,1,1,1,1],"17":[1,0],"18":[1,0],"19":[1,0],"20":[1,0]},"inputSourceMap":null,"_coverageSchema":"1a1c01bbd47fc00a2c39e90264f33305004495a9","hash":"ab646b7c99a866ce5bc64c3c9c9b46ececd19d47"}
,"/Users/wongliliana/4d-art-generation/js/fourD/slice.js": {"path":"/Users/wongliliana/4d-art-generation/js/fourD/slice.js","statementMap":{"0":{"start":{"line":15,"column":2},"end":{"line":17,"column":3}},"1":{"start":{"line":16,"column":4},"end":{"line":16,"column":77}},"2":{"start":{"line":19,"column":20},"end":{"line":19,"column":65}},"3":{"start":{"line":21,"column":2},"end":{"line":39,"column":3}},"4":{"start":{"line":21,"column":15},"end":{"line":21,"column":16}},"5":{"start":{"line":22,"column":4},"end":{"line":38,"column":5}},"6":{"start":{"line":22,"column":17},"end":{"line":22,"column":18}},"7":{"start":{"line":23,"column":6},"end":{"line":37,"column":7}},"8":{"start":{"line":23,"column":19},"end":{"line":23,"column":20}},"9":{"start":{"line":25,"column":25},"end":{"line":28,"column":31}},"10":{"start":{"line":31,"column":25},"end":{"line":31,"column":79}},"11":{"start":{"line":33,"column":8},"end":{"line":33,"column":47}},"12":{"start":{"line":34,"column":8},"end":{"line":34,"column":55}},"13":{"start":{"line":35,"column":8},"end":{"line":35,"column":55}},"14":{"start":{"line":36,"column":8},"end":{"line":36,"column":55}},"15":{"start":{"line":41,"column":2},"end":{"line":41,"column":19}},"16":{"start":{"line":52,"column":23},"end":{"line":52,"column":29}},"17":{"start":{"line":54,"column":2},"end":{"line":56,"column":3}},"18":{"start":{"line":55,"column":4},"end":{"line":55,"column":14}},"19":{"start":{"line":58,"column":17},"end":{"line":58,"column":19}},"20":{"start":{"line":59,"column":2},"end":{"line":61,"column":3}},"21":{"start":{"line":59,"column":15},"end":{"line":59,"column":20}},"22":{"start":{"line":60,"column":4},"end":{"line":60,"column":53}},"23":{"start":{"line":63,"column":2},"end":{"line":63,"column":16}},"24":{"start":{"line":73,"column":20},"end":{"line":73,"column":22}},"25":{"start":{"line":74,"column":17},"end":{"line":74,"column":19}},"26":{"start":{"line":76,"column":2},"end":{"line":100,"column":3}},"27":{"start":{"line":76,"column":15},"end":{"line":76,"column":16}},"28":{"start":{"line":77,"column":4},"end":{"line":99,"column":5}},"29":{"start":{"line":77,"column":17},"end":{"line":77,"column":18}},"30":{"start":{"line":78,"column":6},"end":{"line":98,"column":7}},"31":{"start":{"line":78,"column":19},"end":{"line":78,"column":20}},"32":{"start":{"line":79,"column":22},"end":{"line":79,"column":76}},"33":{"start":{"line":82,"column":8},"end":{"line":84,"column":9}},"34":{"start":{"line":83,"column":10},"end":{"line":83,"column":19}},"35":{"start":{"line":87,"column":19},"end":{"line":87,"column":43}},"36":{"start":{"line":88,"column":19},"end":{"line":88,"column":43}},"37":{"start":{"line":89,"column":19},"end":{"line":89,"column":43}},"38":{"start":{"line":91,"column":8},"end":{"line":91,"column":35}},"39":{"start":{"line":92,"column":8},"end":{"line":97,"column":10}},"40":{"start":{"line":102,"column":2},"end":{"line":105,"column":4}}},"fnMap":{"0":{"name":"extractSlice","decl":{"start":{"line":14,"column":16},"end":{"line":14,"column":28}},"loc":{"start":{"line":14,"column":57},"end":{"line":42,"column":1}},"line":14},"1":{"name":"extractMultipleSlices","decl":{"start":{"line":51,"column":16},"end":{"line":51,"column":37}},"loc":{"start":{"line":51,"column":66},"end":{"line":64,"column":1}},"line":51},"2":{"name":"toThreePoints","decl":{"start":{"line":72,"column":16},"end":{"line":72,"column":29}},"loc":{"start":{"line":72,"column":53},"end":{"line":106,"column":1}},"line":72}},"branchMap":{"0":{"loc":{"start":{"line":15,"column":2},"end":{"line":17,"column":3}},"type":"if","locations":[{"start":{"line":15,"column":2},"end":{"line":17,"column":3}},{"start":{},"end":{}}],"line":15},"1":{"loc":{"start":{"line":15,"column":6},"end":{"line":15,"column":40}},"type":"binary-expr","locations":[{"start":{"line":15,"column":6},"end":{"line":15,"column":16}},{"start":{"line":15,"column":20},"end":{"line":15,"column":40}}],"line":15},"2":{"loc":{"start":{"line":54,"column":2},"end":{"line":56,"column":3}},"type":"if","locations":[{"start":{"line":54,"column":2},"end":{"line":56,"column":3}},{"start":{},"end":{}}],"line":54},"3":{"loc":{"start":{"line":82,"column":8},"end":{"line":84,"column":9}},"type":"if","locations":[{"start":{"line":82,"column":8},"end":{"line":84,"column":9}},{"start":{},"end":{}}],"line":82}},"s":{"0":10,"1":2,"2":8,"3":8,"4":8,"5":32,"6":32,"7":128,"8":128,"9":512,"10":512,"11":512,"12":512,"13":512,"14":512,"15":8,"16":2,"17":2,"18":1,"19":1,"20":1,"21":1,"22":3,"23":1,"24":3,"25":3,"26":3,"27":3,"28":16,"29":16,"30":96,"31":96,"32":640,"33":640,"34":573,"35":67,"36":67,"37":67,"38":67,"39":67,"40":3},"f":{"0":10,"1":2,"2":3},"b":{"0":[2,8],"1":[10,9],"2":[1,1],"3":[573,67]},"inputSourceMap":null,"_coverageSchema":"1a1c01bbd47fc00a2c39e90264f33305004495a9","hash":"2d83155ad9fdb62dc0048ef1a10aa373d95dd6fc"}
,"/Users/wongliliana/4d-art-generation/js/render/camera.js": {"path":"/Users/wongliliana/4d-art-generation/js/render/camera.js","statementMap":{"0":{"start":{"line":12,"column":2},"end":{"line":25,"column":4}},"1":{"start":{"line":23,"column":6},"end":{"line":23,"column":18}},"2":{"start":{"line":35,"column":2},"end":{"line":40,"column":3}},"3":{"start":{"line":36,"column":4},"end":{"line":36,"column":38}},"4":{"start":{"line":37,"column":4},"end":{"line":37,"column":40}},"5":{"start":{"line":38,"column":4},"end":{"line":38,"column":36}},"6":{"start":{"line":39,"column":4},"end":{"line":39,"column":16}},"7":{"start":{"line":42,"column":2},"end":{"line":47,"column":3}},"8":{"start":{"line":43,"column":4},"end":{"line":43,"column":39}},"9":{"start":{"line":44,"column":4},"end":{"line":44,"column":39}},"10":{"start":{"line":45,"column":4},"end":{"line":45,"column":36}},"11":{"start":{"line":46,"column":4},"end":{"line":46,"column":16}},"12":{"start":{"line":49,"column":2},"end":{"line":49,"column":15}},"13":{"start":{"line":59,"column":19},"end":{"line":72,"column":3}},"14":{"start":{"line":70,"column":6},"end":{"line":70,"column":18}},"15":{"start":{"line":75,"column":2},"end":{"line":78,"column":3}},"16":{"start":{"line":76,"column":4},"end":{"line":76,"column":57}},"17":{"start":{"line":77,"column":4},"end":{"line":77,"column":51}},"18":{"start":{"line":80,"column":2},"end":{"line":80,"column":18}},"19":{"start":{"line":90,"column":2},"end":{"line":92,"column":3}},"20":{"start":{"line":91,"column":4},"end":{"line":91,"column":51}},"21":{"start":{"line":93,"column":2},"end":{"line":95,"column":3}},"22":{"start":{"line":94,"column":4},"end":{"line":94,"column":65}},"23":{"start":{"line":96,"column":2},"end":{"line":96,"column":19}},"24":{"start":{"line":97,"column":2},"end":{"line":97,"column":34}},"25":{"start":{"line":109,"column":2},"end":{"line":111,"column":3}},"26":{"start":{"line":110,"column":4},"end":{"line":110,"column":49}},"27":{"start":{"line":112,"column":2},"end":{"line":114,"column":3}},"28":{"start":{"line":113,"column":4},"end":{"line":113,"column":49}},"29":{"start":{"line":115,"column":2},"end":{"line":117,"column":3}},"30":{"start":{"line":116,"column":4},"end":{"line":116,"column":49}},"31":{"start":{"line":118,"column":2},"end":{"line":118,"column":24}},"32":{"start":{"line":119,"column":2},"end":{"line":119,"column":24}},"33":{"start":{"line":120,"column":2},"end":{"line":120,"column":24}},"34":{"start":{"line":132,"column":2},"end":{"line":132,"column":22}},"35":{"start":{"line":133,"column":2},"end":{"line":133,"column":22}},"36":{"start":{"line":134,"column":2},"end":{"line":134,"column":22}}},"fnMap":{"0":{"name":"createCamera","decl":{"start":{"line":11,"column":16},"end":{"line":11,"column":28}},"loc":{"start":{"line":11,"column":31},"end":{"line":26,"column":1}},"line":11},"1":{"name":"(anonymous_1)","decl":{"start":{"line":21,"column":28},"end":{"line":21,"column":29}},"loc":{"start":{"line":21,"column":39},"end":{"line":24,"column":5}},"line":21},"2":{"name":"setProjection","decl":{"start":{"line":34,"column":16},"end":{"line":34,"column":29}},"loc":{"start":{"line":34,"column":44},"end":{"line":50,"column":1}},"line":34},"3":{"name":"enableControls","decl":{"start":{"line":58,"column":16},"end":{"line":58,"column":30}},"loc":{"start":{"line":58,"column":51},"end":{"line":81,"column":1}},"line":58},"4":{"name":"(anonymous_4)","decl":{"start":{"line":68,"column":12},"end":{"line":68,"column":13}},"loc":{"start":{"line":68,"column":23},"end":{"line":71,"column":5}},"line":68},"5":{"name":"(anonymous_5)","decl":{"start":{"line":76,"column":47},"end":{"line":76,"column":48}},"loc":{"start":{"line":76,"column":53},"end":{"line":76,"column":55}},"line":76},"6":{"name":"(anonymous_6)","decl":{"start":{"line":77,"column":41},"end":{"line":77,"column":42}},"loc":{"start":{"line":77,"column":47},"end":{"line":77,"column":49}},"line":77},"7":{"name":"setFOV","decl":{"start":{"line":89,"column":16},"end":{"line":89,"column":22}},"loc":{"start":{"line":89,"column":36},"end":{"line":98,"column":1}},"line":89},"8":{"name":"setPosition","decl":{"start":{"line":108,"column":16},"end":{"line":108,"column":27}},"loc":{"start":{"line":108,"column":45},"end":{"line":121,"column":1}},"line":108},"9":{"name":"lookAt","decl":{"start":{"line":130,"column":16},"end":{"line":130,"column":22}},"loc":{"start":{"line":130,"column":40},"end":{"line":135,"column":1}},"line":130}},"branchMap":{"0":{"loc":{"start":{"line":35,"column":2},"end":{"line":40,"column":3}},"type":"if","locations":[{"start":{"line":35,"column":2},"end":{"line":40,"column":3}},{"start":{},"end":{}}],"line":35},"1":{"loc":{"start":{"line":42,"column":2},"end":{"line":47,"column":3}},"type":"if","locations":[{"start":{"line":42,"column":2},"end":{"line":47,"column":3}},{"start":{},"end":{}}],"line":42},"2":{"loc":{"start":{"line":75,"column":2},"end":{"line":78,"column":3}},"type":"if","locations":[{"start":{"line":75,"column":2},"end":{"line":78,"column":3}},{"start":{},"end":{}}],"line":75},"3":{"loc":{"start":{"line":75,"column":6},"end":{"line":75,"column":47}},"type":"binary-expr","locations":[{"start":{"line":75,"column":6},"end":{"line":75,"column":16}},{"start":{"line":75,"column":20},"end":{"line":75,"column":47}}],"line":75},"4":{"loc":{"start":{"line":90,"column":2},"end":{"line":92,"column":3}},"type":"if","locations":[{"start":{"line":90,"column":2},"end":{"line":92,"column":3}},{"start":{},"end":{}}],"line":90},"5":{"loc":{"start":{"line":90,"column":6},"end":{"line":90,"column":54}},"type":"binary-expr","locations":[{"start":{"line":90,"column":6},"end":{"line":90,"column":29}},{"start":{"line":90,"column":33},"end":{"line":90,"column":54}}],"line":90},"6":{"loc":{"start":{"line":93,"column":2},"end":{"line":95,"column":3}},"type":"if","locations":[{"start":{"line":93,"column":2},"end":{"line":95,"column":3}},{"start":{},"end":{}}],"line":93},"7":{"loc":{"start":{"line":93,"column":6},"end":{"line":93,"column":28}},"type":"binary-expr","locations":[{"start":{"line":93,"column":6},"end":{"line":93,"column":14}},{"start":{"line":93,"column":18},"end":{"line":93,"column":28}}],"line":93},"8":{"loc":{"start":{"line":109,"column":2},"end":{"line":111,"column":3}},"type":"if","locations":[{"start":{"line":109,"column":2},"end":{"line":111,"column":3}},{"start":{},"end":{}}],"line":109},"9":{"loc":{"start":{"line":109,"column":6},"end":{"line":109,"column":50}},"type":"binary-expr","locations":[{"start":{"line":109,"column":6},"end":{"line":109,"column":27}},{"start":{"line":109,"column":31},"end":{"line":109,"column":50}}],"line":109},"10":{"loc":{"start":{"line":112,"column":2},"end":{"line":114,"column":3}},"type":"if","locations":[{"start":{"line":112,"column":2},"end":{"line":114,"column":3}},{"start":{},"end":{}}],"line":112},"11":{"loc":{"start":{"line":112,"column":6},"end":{"line":112,"column":50}},"type":"binary-expr","locations":[{"start":{"line":112,"column":6},"end":{"line":112,"column":27}},{"start":{"line":112,"column":31},"end":{"line":112,"column":50}}],"line":112},"12":{"loc":{"start":{"line":115,"column":2},"end":{"line":117,"column":3}},"type":"if","locations":[{"start":{"line":115,"column":2},"end":{"line":117,"column":3}},{"start":{},"end":{}}],"line":115},"13":{"loc":{"start":{"line":115,"column":6},"end":{"line":115,"column":50}},"type":"binary-expr","locations":[{"start":{"line":115,"column":6},"end":{"line":115,"column":27}},{"start":{"line":115,"column":31},"end":{"line":115,"column":50}}],"line":115}},"s":{"0":18,"1":3,"2":4,"3":1,"4":1,"5":1,"6":1,"7":3,"8":2,"9":2,"10":2,"11":2,"12":1,"13":5,"14":0,"15":5,"16":1,"17":1,"18":5,"19":2,"20":0,"21":2,"22":0,"23":2,"24":2,"25":1,"26":0,"27":1,"28":0,"29":1,"30":0,"31":1,"32":1,"33":1,"34":1,"35":1,"36":1},"f":{"0":18,"1":3,"2":4,"3":5,"4":0,"5":0,"6":0,"7":2,"8":1,"9":1},"b":{"0":[1,3],"1":[2,1],"2":[1,4],"3":[5,5],"4":[0,2],"5":[2,2],"6":[0,2],"7":[2,2],"8":[0,1],"9":[1,1],"10":[0,1],"11":[1,1],"12":[0,1],"13":[1,1]},"inputSourceMap":null,"_coverageSchema":"1a1c01bbd47fc00a2c39e90264f33305004495a9","hash":"1f0c8fa5d177ded98a5ac324a26d2d97c3de7c2d"}
,"/Users/wongliliana/4d-art-generation/js/render/renderer.js": {"path":"/Users/wongliliana/4d-art-generation/js/render/renderer.js","statementMap":{"0":{"start":{"line":12,"column":21},"end":{"line":14,"column":7}},"1":{"start":{"line":16,"column":2},"end":{"line":62,"column":4}},"2":{"start":{"line":23,"column":8},"end":{"line":23,"column":66}},"3":{"start":{"line":30,"column":6},"end":{"line":33,"column":8}},"4":{"start":{"line":37,"column":6},"end":{"line":37,"column":29}},"5":{"start":{"line":41,"column":6},"end":{"line":41,"column":23}},"6":{"start":{"line":45,"column":6},"end":{"line":45,"column":30}},"7":{"start":{"line":46,"column":6},"end":{"line":46,"column":32}},"8":{"start":{"line":47,"column":6},"end":{"line":47,"column":36}},"9":{"start":{"line":48,"column":6},"end":{"line":48,"column":38}},"10":{"start":{"line":53,"column":6},"end":{"line":55,"column":7}},"11":{"start":{"line":54,"column":8},"end":{"line":54,"column":20}},"12":{"start":{"line":56,"column":6},"end":{"line":56,"column":19}},"13":{"start":{"line":72,"column":2},"end":{"line":74,"column":3}},"14":{"start":{"line":73,"column":4},"end":{"line":73,"column":17}},"15":{"start":{"line":75,"column":2},"end":{"line":75,"column":40}},"16":{"start":{"line":85,"column":2},"end":{"line":87,"column":3}},"17":{"start":{"line":86,"column":4},"end":{"line":86,"column":16}},"18":{"start":{"line":89,"column":2},"end":{"line":89,"column":47}},"19":{"start":{"line":98,"column":2},"end":{"line":100,"column":3}},"20":{"start":{"line":99,"column":4},"end":{"line":99,"column":46}},"21":{"start":{"line":108,"column":2},"end":{"line":111,"column":3}},"22":{"start":{"line":110,"column":4},"end":{"line":110,"column":32}},"23":{"start":{"line":119,"column":2},"end":{"line":121,"column":3}},"24":{"start":{"line":120,"column":4},"end":{"line":120,"column":33}},"25":{"start":{"line":130,"column":2},"end":{"line":134,"column":3}},"26":{"start":{"line":131,"column":18},"end":{"line":131,"column":46}},"27":{"start":{"line":132,"column":19},"end":{"line":132,"column":48}},"28":{"start":{"line":133,"column":4},"end":{"line":133,"column":36}}},"fnMap":{"0":{"name":"createRenderer","decl":{"start":{"line":11,"column":16},"end":{"line":11,"column":30}},"loc":{"start":{"line":11,"column":33},"end":{"line":63,"column":1}},"line":11},"1":{"name":"(anonymous_1)","decl":{"start":{"line":22,"column":17},"end":{"line":22,"column":18}},"loc":{"start":{"line":22,"column":34},"end":{"line":24,"column":7}},"line":22},"2":{"name":"(anonymous_2)","decl":{"start":{"line":29,"column":16},"end":{"line":29,"column":17}},"loc":{"start":{"line":29,"column":27},"end":{"line":34,"column":5}},"line":29},"3":{"name":"(anonymous_3)","decl":{"start":{"line":36,"column":19},"end":{"line":36,"column":20}},"loc":{"start":{"line":36,"column":30},"end":{"line":38,"column":5}},"line":36},"4":{"name":"(anonymous_4)","decl":{"start":{"line":40,"column":13},"end":{"line":40,"column":14}},"loc":{"start":{"line":40,"column":24},"end":{"line":42,"column":5}},"line":40},"5":{"name":"(anonymous_5)","decl":{"start":{"line":44,"column":13},"end":{"line":44,"column":14}},"loc":{"start":{"line":44,"column":37},"end":{"line":49,"column":5}},"line":44},"6":{"name":"(anonymous_6)","decl":{"start":{"line":51,"column":12},"end":{"line":51,"column":13}},"loc":{"start":{"line":51,"column":36},"end":{"line":57,"column":5}},"line":51},"7":{"name":"(anonymous_7)","decl":{"start":{"line":59,"column":13},"end":{"line":59,"column":14}},"loc":{"start":{"line":59,"column":24},"end":{"line":61,"column":5}},"line":59},"8":{"name":"render","decl":{"start":{"line":71,"column":16},"end":{"line":71,"column":22}},"loc":{"start":{"line":71,"column":48},"end":{"line":76,"column":1}},"line":71},"9":{"name":"captureScreenshot","decl":{"start":{"line":84,"column":16},"end":{"line":84,"column":33}},"loc":{"start":{"line":84,"column":66},"end":{"line":90,"column":1}},"line":84},"10":{"name":"setAnimationLoop","decl":{"start":{"line":97,"column":16},"end":{"line":97,"column":32}},"loc":{"start":{"line":97,"column":53},"end":{"line":101,"column":1}},"line":97},"11":{"name":"startAnimationLoop","decl":{"start":{"line":107,"column":16},"end":{"line":107,"column":34}},"loc":{"start":{"line":107,"column":45},"end":{"line":112,"column":1}},"line":107},"12":{"name":"stopAnimationLoop","decl":{"start":{"line":118,"column":16},"end":{"line":118,"column":33}},"loc":{"start":{"line":118,"column":44},"end":{"line":122,"column":1}},"line":118},"13":{"name":"resizeToFit","decl":{"start":{"line":129,"column":16},"end":{"line":129,"column":27}},"loc":{"start":{"line":129,"column":49},"end":{"line":135,"column":1}},"line":129}},"branchMap":{"0":{"loc":{"start":{"line":12,"column":21},"end":{"line":14,"column":7}},"type":"cond-expr","locations":[{"start":{"line":13,"column":6},"end":{"line":13,"column":47}},{"start":{"line":14,"column":6},"end":{"line":14,"column":7}}],"line":12},"1":{"loc":{"start":{"line":13,"column":15},"end":{"line":13,"column":43}},"type":"binary-expr","locations":[{"start":{"line":13,"column":15},"end":{"line":13,"column":38}},{"start":{"line":13,"column":42},"end":{"line":13,"column":43}}],"line":13},"2":{"loc":{"start":{"line":23,"column":23},"end":{"line":23,"column":44}},"type":"binary-expr","locations":[{"start":{"line":23,"column":23},"end":{"line":23,"column":29}},{"start":{"line":23,"column":33},"end":{"line":23,"column":44}}],"line":23},"3":{"loc":{"start":{"line":53,"column":6},"end":{"line":55,"column":7}},"type":"if","locations":[{"start":{"line":53,"column":6},"end":{"line":55,"column":7}},{"start":{},"end":{}}],"line":53},"4":{"loc":{"start":{"line":53,"column":10},"end":{"line":53,"column":25}},"type":"binary-expr","locations":[{"start":{"line":53,"column":10},"end":{"line":53,"column":15}},{"start":{"line":53,"column":19},"end":{"line":53,"column":25}}],"line":53},"5":{"loc":{"start":{"line":72,"column":2},"end":{"line":74,"column":3}},"type":"if","locations":[{"start":{"line":72,"column":2},"end":{"line":74,"column":3}},{"start":{},"end":{}}],"line":72},"6":{"loc":{"start":{"line":72,"column":6},"end":{"line":72,"column":36}},"type":"binary-expr","locations":[{"start":{"line":72,"column":6},"end":{"line":72,"column":15}},{"start":{"line":72,"column":19},"end":{"line":72,"column":25}},{"start":{"line":72,"column":29},"end":{"line":72,"column":36}}],"line":72},"7":{"loc":{"start":{"line":84,"column":44},"end":{"line":84,"column":64}},"type":"default-arg","locations":[{"start":{"line":84,"column":53},"end":{"line":84,"column":64}}],"line":84},"8":{"loc":{"start":{"line":85,"column":2},"end":{"line":87,"column":3}},"type":"if","locations":[{"start":{"line":85,"column":2},"end":{"line":87,"column":3}},{"start":{},"end":{}}],"line":85},"9":{"loc":{"start":{"line":85,"column":6},"end":{"line":85,"column":39}},"type":"binary-expr","locations":[{"start":{"line":85,"column":6},"end":{"line":85,"column":15}},{"start":{"line":85,"column":19},"end":{"line":85,"column":39}}],"line":85},"10":{"loc":{"start":{"line":98,"column":2},"end":{"line":100,"column":3}},"type":"if","locations":[{"start":{"line":98,"column":2},"end":{"line":100,"column":3}},{"start":{},"end":{}}],"line":98},"11":{"loc":{"start":{"line":108,"column":2},"end":{"line":111,"column":3}},"type":"if","locations":[{"start":{"line":108,"column":2},"end":{"line":111,"column":3}},{"start":{},"end":{}}],"line":108},"12":{"loc":{"start":{"line":108,"column":6},"end":{"line":108,"column":48}},"type":"binary-expr","locations":[{"start":{"line":108,"column":6},"end":{"line":108,"column":14}},{"start":{"line":108,"column":18},"end":{"line":108,"column":48}}],"line":108},"13":{"loc":{"start":{"line":119,"column":2},"end":{"line":121,"column":3}},"type":"if","locations":[{"start":{"line":119,"column":2},"end":{"line":121,"column":3}},{"start":{},"end":{}}],"line":119},"14":{"loc":{"start":{"line":130,"column":2},"end":{"line":134,"column":3}},"type":"if","locations":[{"start":{"line":130,"column":2},"end":{"line":134,"column":3}},{"start":{},"end":{}}],"line":130},"15":{"loc":{"start":{"line":130,"column":6},"end":{"line":130,"column":27}},"type":"binary-expr","locations":[{"start":{"line":130,"column":6},"end":{"line":130,"column":14}},{"start":{"line":130,"column":18},"end":{"line":130,"column":27}}],"line":130},"16":{"loc":{"start":{"line":131,"column":18},"end":{"line":131,"column":46}},"type":"binary-expr","locations":[{"start":{"line":131,"column":18},"end":{"line":131,"column":39}},{"start":{"line":131,"column":43},"end":{"line":131,"column":46}}],"line":131},"17":{"loc":{"start":{"line":132,"column":19},"end":{"line":132,"column":48}},"type":"binary-expr","locations":[{"start":{"line":132,"column":19},"end":{"line":132,"column":41}},{"start":{"line":132,"column":45},"end":{"line":132,"column":48}}],"line":132}},"s":{"0":16,"1":16,"2":2,"3":0,"4":1,"5":6,"6":3,"7":3,"8":3,"9":3,"10":1,"11":1,"12":0,"13":4,"14":3,"15":1,"16":3,"17":1,"18":2,"19":2,"20":1,"21":2,"22":1,"23":1,"24":1,"25":3,"26":2,"27":2,"28":2},"f":{"0":16,"1":2,"2":0,"3":1,"4":6,"5":3,"6":1,"7":0,"8":4,"9":3,"10":2,"11":2,"12":1,"13":3},"b":{"0":[16,0],"1":[16,0],"2":[2,0],"3":[1,0],"4":[1,1],"5":[3,1],"6":[4,3,2],"7":[2],"8":[1,2],"9":[3,2],"10":[1,1],"11":[1,1],"12":[2,2],"13":[1,0],"14":[2,1],"15":[3,2],"16":[2,1],"17":[2,1]},"inputSourceMap":null,"_coverageSchema":"1a1c01bbd47fc00a2c39e90264f33305004495a9","hash":"85d56cb02385b1a4b119b87384c613658cad4c1a"}
,"/Users/wongliliana/4d-art-generation/js/render/scene.js": {"path":"/Users/wongliliana/4d-art-generation/js/render/scene.js","statementMap":{"0":{"start":{"line":14,"column":2},"end":{"line":35,"column":4}},"1":{"start":{"line":22,"column":6},"end":{"line":22,"column":33}},"2":{"start":{"line":26,"column":20},"end":{"line":26,"column":49}},"3":{"start":{"line":27,"column":6},"end":{"line":29,"column":7}},"4":{"start":{"line":28,"column":8},"end":{"line":28,"column":39}},"5":{"start":{"line":33,"column":6},"end":{"line":33,"column":38}},"6":{"start":{"line":45,"column":15},"end":{"line":57,"column":3}},"7":{"start":{"line":59,"column":2},"end":{"line":59,"column":18}},"8":{"start":{"line":60,"column":2},"end":{"line":60,"column":14}},"9":{"start":{"line":70,"column":2},"end":{"line":72,"column":3}},"10":{"start":{"line":71,"column":4},"end":{"line":71,"column":17}},"11":{"start":{"line":74,"column":2},"end":{"line":76,"column":3}},"12":{"start":{"line":75,"column":4},"end":{"line":75,"column":17}},"13":{"start":{"line":78,"column":2},"end":{"line":81,"column":3}},"14":{"start":{"line":79,"column":4},"end":{"line":79,"column":61}},"15":{"start":{"line":80,"column":4},"end":{"line":80,"column":57}},"16":{"start":{"line":83,"column":2},"end":{"line":83,"column":14}},"17":{"start":{"line":93,"column":2},"end":{"line":98,"column":4}},"18":{"start":{"line":96,"column":6},"end":{"line":96,"column":72}},"19":{"start":{"line":107,"column":17},"end":{"line":113,"column":3}},"20":{"start":{"line":115,"column":19},"end":{"line":115,"column":47}},"21":{"start":{"line":117,"column":2},"end":{"line":125,"column":5}},"22":{"start":{"line":118,"column":4},"end":{"line":120,"column":5}},"23":{"start":{"line":119,"column":6},"end":{"line":119,"column":41}},"24":{"start":{"line":121,"column":4},"end":{"line":124,"column":5}},"25":{"start":{"line":122,"column":6},"end":{"line":122,"column":45}},"26":{"start":{"line":123,"column":6},"end":{"line":123,"column":35}}},"fnMap":{"0":{"name":"createScene","decl":{"start":{"line":11,"column":16},"end":{"line":11,"column":27}},"loc":{"start":{"line":11,"column":30},"end":{"line":36,"column":1}},"line":11},"1":{"name":"(anonymous_1)","decl":{"start":{"line":21,"column":9},"end":{"line":21,"column":10}},"loc":{"start":{"line":21,"column":26},"end":{"line":23,"column":5}},"line":21},"2":{"name":"(anonymous_2)","decl":{"start":{"line":25,"column":12},"end":{"line":25,"column":13}},"loc":{"start":{"line":25,"column":29},"end":{"line":30,"column":5}},"line":25},"3":{"name":"(anonymous_3)","decl":{"start":{"line":32,"column":14},"end":{"line":32,"column":15}},"loc":{"start":{"line":32,"column":33},"end":{"line":34,"column":5}},"line":32},"4":{"name":"addMesh","decl":{"start":{"line":44,"column":16},"end":{"line":44,"column":23}},"loc":{"start":{"line":44,"column":41},"end":{"line":61,"column":1}},"line":44},"5":{"name":"updateGeometry","decl":{"start":{"line":69,"column":16},"end":{"line":69,"column":30}},"loc":{"start":{"line":69,"column":43},"end":{"line":84,"column":1}},"line":69},"6":{"name":"clearScene","decl":{"start":{"line":91,"column":16},"end":{"line":91,"column":26}},"loc":{"start":{"line":91,"column":34},"end":{"line":99,"column":1}},"line":91},"7":{"name":"(anonymous_7)","decl":{"start":{"line":95,"column":36},"end":{"line":95,"column":37}},"loc":{"start":{"line":96,"column":6},"end":{"line":96,"column":72}},"line":96},"8":{"name":"setSceneLighting","decl":{"start":{"line":106,"column":16},"end":{"line":106,"column":32}},"loc":{"start":{"line":106,"column":47},"end":{"line":126,"column":1}},"line":106},"9":{"name":"(anonymous_9)","decl":{"start":{"line":117,"column":25},"end":{"line":117,"column":26}},"loc":{"start":{"line":117,"column":34},"end":{"line":125,"column":3}},"line":117}},"branchMap":{"0":{"loc":{"start":{"line":27,"column":6},"end":{"line":29,"column":7}},"type":"if","locations":[{"start":{"line":27,"column":6},"end":{"line":29,"column":7}},{"start":{},"end":{}}],"line":27},"1":{"loc":{"start":{"line":70,"column":2},"end":{"line":72,"column":3}},"type":"if","locations":[{"start":{"line":70,"column":2},"end":{"line":72,"column":3}},{"start":{},"end":{}}],"line":70},"2":{"loc":{"start":{"line":70,"column":6},"end":{"line":70,"column":29}},"type":"binary-expr","locations":[{"start":{"line":70,"column":6},"end":{"line":70,"column":11}},{"start":{"line":70,"column":15},"end":{"line":70,"column":29}}],"line":70},"3":{"loc":{"start":{"line":74,"column":2},"end":{"line":76,"column":3}},"type":"if","locations":[{"start":{"line":74,"column":2},"end":{"line":76,"column":3}},{"start":{},"end":{}}],"line":74},"4":{"loc":{"start":{"line":78,"column":2},"end":{"line":81,"column":3}},"type":"if","locations":[{"start":{"line":78,"column":2},"end":{"line":81,"column":3}},{"start":{},"end":{}}],"line":78},"5":{"loc":{"start":{"line":78,"column":6},"end":{"line":78,"column":48}},"type":"binary-expr","locations":[{"start":{"line":78,"column":6},"end":{"line":78,"column":20}},{"start":{"line":78,"column":24},"end":{"line":78,"column":48}}],"line":78},"6":{"loc":{"start":{"line":96,"column":6},"end":{"line":96,"column":72}},"type":"binary-expr","locations":[{"start":{"line":96,"column":6},"end":{"line":96,"column":35}},{"start":{"line":96,"column":39},"end":{"line":96,"column":72}}],"line":96},"7":{"loc":{"start":{"line":115,"column":19},"end":{"line":115,"column":47}},"type":"binary-expr","locations":[{"start":{"line":115,"column":19},"end":{"line":115,"column":32}},{"start":{"line":115,"column":36},"end":{"line":115,"column":47}}],"line":115},"8":{"loc":{"start":{"line":118,"column":4},"end":{"line":120,"column":5}},"type":"if","locations":[{"start":{"line":118,"column":4},"end":{"line":120,"column":5}},{"start":{},"end":{}}],"line":118},"9":{"loc":{"start":{"line":121,"column":4},"end":{"line":124,"column":5}},"type":"if","locations":[{"start":{"line":121,"column":4},"end":{"line":124,"column":5}},{"start":{},"end":{}}],"line":121}},"s":{"0":20,"1":11,"2":0,"3":0,"4":0,"5":0,"6":11,"7":11,"8":11,"9":4,"10":1,"11":3,"12":1,"13":2,"14":1,"15":1,"16":2,"17":3,"18":10,"19":5,"20":5,"21":5,"22":10,"23":5,"24":10,"25":5,"26":5},"f":{"0":20,"1":11,"2":0,"3":0,"4":11,"5":4,"6":3,"7":10,"8":5,"9":10},"b":{"0":[0,0],"1":[1,3],"2":[4,3],"3":[1,2],"4":[1,1],"5":[2,1],"6":[10,7],"7":[5,1],"8":[5,5],"9":[5,5]},"inputSourceMap":null,"_coverageSchema":"1a1c01bbd47fc00a2c39e90264f33305004495a9","hash":"da14fd04c438258b51be89908a71e14dc24a3ba4"}
,"/Users/wongliliana/4d-art-generation/js/ui/controls.js": {"path":"/Users/wongliliana/4d-art-generation/js/ui/controls.js","statementMap":{"0":{"start":{"line":15,"column":29},"end":{"line":21,"column":1}},"1":{"start":{"line":28,"column":19},"end":{"line":34,"column":6}},"2":{"start":{"line":28,"column":28},"end":{"line":34,"column":6}},"3":{"start":{"line":28,"column":60},"end":{"line":34,"column":4}},"4":{"start":{"line":39,"column":22},"end":{"line":46,"column":1}},"5":{"start":{"line":54,"column":19},"end":{"line":64,"column":3}},"6":{"start":{"line":67,"column":2},"end":{"line":120,"column":4}},"7":{"start":{"line":83,"column":28},"end":{"line":83,"column":84}},"8":{"start":{"line":123,"column":18},"end":{"line":123,"column":70}},"9":{"start":{"line":124,"column":24},"end":{"line":124,"column":82}},"10":{"start":{"line":125,"column":27},"end":{"line":125,"column":81}},"11":{"start":{"line":126,"column":21},"end":{"line":126,"column":76}},"12":{"start":{"line":127,"column":29},"end":{"line":127,"column":85}},"13":{"start":{"line":129,"column":2},"end":{"line":134,"column":5}},"14":{"start":{"line":130,"column":18},"end":{"line":130,"column":42}},"15":{"start":{"line":131,"column":4},"end":{"line":131,"column":30}},"16":{"start":{"line":132,"column":4},"end":{"line":132,"column":76}},"17":{"start":{"line":133,"column":4},"end":{"line":133,"column":42}},"18":{"start":{"line":136,"column":2},"end":{"line":140,"column":5}},"19":{"start":{"line":137,"column":18},"end":{"line":137,"column":32}},"20":{"start":{"line":138,"column":4},"end":{"line":138,"column":34}},"21":{"start":{"line":139,"column":4},"end":{"line":139,"column":46}},"22":{"start":{"line":142,"column":2},"end":{"line":147,"column":5}},"23":{"start":{"line":143,"column":18},"end":{"line":143,"column":42}},"24":{"start":{"line":144,"column":4},"end":{"line":144,"column":39}},"25":{"start":{"line":145,"column":4},"end":{"line":145,"column":85}},"26":{"start":{"line":146,"column":4},"end":{"line":146,"column":51}},"27":{"start":{"line":149,"column":2},"end":{"line":153,"column":5}},"28":{"start":{"line":150,"column":18},"end":{"line":150,"column":32}},"29":{"start":{"line":151,"column":4},"end":{"line":151,"column":39}},"30":{"start":{"line":152,"column":4},"end":{"line":152,"column":51}},"31":{"start":{"line":155,"column":2},"end":{"line":160,"column":5}},"32":{"start":{"line":156,"column":18},"end":{"line":156,"column":42}},"33":{"start":{"line":157,"column":4},"end":{"line":157,"column":41}},"34":{"start":{"line":158,"column":4},"end":{"line":158,"column":93}},"35":{"start":{"line":159,"column":4},"end":{"line":159,"column":53}},"36":{"start":{"line":162,"column":2},"end":{"line":162,"column":18}},"37":{"start":{"line":173,"column":2},"end":{"line":175,"column":3}},"38":{"start":{"line":174,"column":4},"end":{"line":174,"column":35}},"39":{"start":{"line":177,"column":2},"end":{"line":177,"column":43}},"40":{"start":{"line":179,"column":2},"end":{"line":184,"column":4}},"41":{"start":{"line":180,"column":18},"end":{"line":180,"column":61}},"42":{"start":{"line":181,"column":4},"end":{"line":183,"column":5}},"43":{"start":{"line":182,"column":6},"end":{"line":182,"column":49}},"44":{"start":{"line":195,"column":19},"end":{"line":201,"column":3}},"45":{"start":{"line":203,"column":2},"end":{"line":205,"column":3}},"46":{"start":{"line":204,"column":4},"end":{"line":204,"column":51}},"47":{"start":{"line":207,"column":18},"end":{"line":207,"column":89}},"48":{"start":{"line":209,"column":2},"end":{"line":215,"column":3}},"49":{"start":{"line":210,"column":4},"end":{"line":210,"column":26}},"50":{"start":{"line":213,"column":18},"end":{"line":213,"column":55}},"51":{"start":{"line":214,"column":4},"end":{"line":214,"column":33}},"52":{"start":{"line":217,"column":2},"end":{"line":217,"column":33}},"53":{"start":{"line":227,"column":2},"end":{"line":229,"column":3}},"54":{"start":{"line":228,"column":4},"end":{"line":228,"column":67}},"55":{"start":{"line":228,"column":50},"end":{"line":228,"column":65}},"56":{"start":{"line":237,"column":2},"end":{"line":237,"column":29}},"57":{"start":{"line":238,"column":2},"end":{"line":238,"column":39}},"58":{"start":{"line":239,"column":2},"end":{"line":239,"column":43}},"59":{"start":{"line":240,"column":2},"end":{"line":240,"column":42}},"60":{"start":{"line":241,"column":2},"end":{"line":241,"column":43}},"61":{"start":{"line":250,"column":2},"end":{"line":250,"column":32}}},"fnMap":{"0":{"name":"(anonymous_0)","decl":{"start":{"line":28,"column":19},"end":{"line":28,"column":20}},"loc":{"start":{"line":28,"column":28},"end":{"line":34,"column":6}},"line":28},"1":{"name":"(anonymous_1)","decl":{"start":{"line":28,"column":52},"end":{"line":28,"column":53}},"loc":{"start":{"line":28,"column":60},"end":{"line":34,"column":4}},"line":28},"2":{"name":"initControls","decl":{"start":{"line":53,"column":16},"end":{"line":53,"column":28}},"loc":{"start":{"line":53,"column":40},"end":{"line":163,"column":1}},"line":53},"3":{"name":"(anonymous_3)","decl":{"start":{"line":83,"column":23},"end":{"line":83,"column":24}},"loc":{"start":{"line":83,"column":28},"end":{"line":83,"column":84}},"line":83},"4":{"name":"(anonymous_4)","decl":{"start":{"line":129,"column":36},"end":{"line":129,"column":37}},"loc":{"start":{"line":129,"column":43},"end":{"line":134,"column":3}},"line":129},"5":{"name":"(anonymous_5)","decl":{"start":{"line":136,"column":43},"end":{"line":136,"column":44}},"loc":{"start":{"line":136,"column":50},"end":{"line":140,"column":3}},"line":136},"6":{"name":"(anonymous_6)","decl":{"start":{"line":142,"column":45},"end":{"line":142,"column":46}},"loc":{"start":{"line":142,"column":52},"end":{"line":147,"column":3}},"line":142},"7":{"name":"(anonymous_7)","decl":{"start":{"line":149,"column":40},"end":{"line":149,"column":41}},"loc":{"start":{"line":149,"column":47},"end":{"line":153,"column":3}},"line":149},"8":{"name":"(anonymous_8)","decl":{"start":{"line":155,"column":47},"end":{"line":155,"column":48}},"loc":{"start":{"line":155,"column":54},"end":{"line":160,"column":3}},"line":155},"9":{"name":"onParamChange","decl":{"start":{"line":172,"column":16},"end":{"line":172,"column":29}},"loc":{"start":{"line":172,"column":57},"end":{"line":185,"column":1}},"line":172},"10":{"name":"(anonymous_10)","decl":{"start":{"line":179,"column":9},"end":{"line":179,"column":10}},"loc":{"start":{"line":179,"column":15},"end":{"line":184,"column":3}},"line":179},"11":{"name":"setValue","decl":{"start":{"line":194,"column":16},"end":{"line":194,"column":24}},"loc":{"start":{"line":194,"column":49},"end":{"line":218,"column":1}},"line":194},"12":{"name":"notifyListeners","decl":{"start":{"line":226,"column":9},"end":{"line":226,"column":24}},"loc":{"start":{"line":226,"column":49},"end":{"line":230,"column":1}},"line":226},"13":{"name":"(anonymous_13)","decl":{"start":{"line":228,"column":38},"end":{"line":228,"column":39}},"loc":{"start":{"line":228,"column":50},"end":{"line":228,"column":65}},"line":228},"14":{"name":"resetControls","decl":{"start":{"line":236,"column":16},"end":{"line":236,"column":29}},"loc":{"start":{"line":236,"column":40},"end":{"line":242,"column":1}},"line":236},"15":{"name":"getValues","decl":{"start":{"line":249,"column":16},"end":{"line":249,"column":25}},"loc":{"start":{"line":249,"column":36},"end":{"line":251,"column":1}},"line":249}},"branchMap":{"0":{"loc":{"start":{"line":173,"column":2},"end":{"line":175,"column":3}},"type":"if","locations":[{"start":{"line":173,"column":2},"end":{"line":175,"column":3}},{"start":{},"end":{}}],"line":173},"1":{"loc":{"start":{"line":181,"column":4},"end":{"line":183,"column":5}},"type":"if","locations":[{"start":{"line":181,"column":4},"end":{"line":183,"column":5}},{"start":{},"end":{}}],"line":181},"2":{"loc":{"start":{"line":203,"column":2},"end":{"line":205,"column":3}},"type":"if","locations":[{"start":{"line":203,"column":2},"end":{"line":205,"column":3}},{"start":{},"end":{}}],"line":203},"3":{"loc":{"start":{"line":209,"column":2},"end":{"line":215,"column":3}},"type":"if","locations":[{"start":{"line":209,"column":2},"end":{"line":215,"column":3}},{"start":{},"end":{}}],"line":209},"4":{"loc":{"start":{"line":227,"column":2},"end":{"line":229,"column":3}},"type":"if","locations":[{"start":{"line":227,"column":2},"end":{"line":229,"column":3}},{"start":{},"end":{}}],"line":227}},"s":{"0":1,"1":1,"2":102,"3":0,"4":1,"5":17,"6":17,"7":102,"8":17,"9":17,"10":17,"11":17,"12":17,"13":17,"14":5,"15":5,"16":5,"17":5,"18":17,"19":0,"20":0,"21":0,"22":17,"23":3,"24":3,"25":3,"26":3,"27":17,"28":0,"29":0,"30":0,"31":17,"32":2,"33":2,"34":2,"35":2,"36":17,"37":3,"38":3,"39":3,"40":3,"41":1,"42":1,"43":1,"44":14,"45":14,"46":1,"47":13,"48":13,"49":13,"50":13,"51":13,"52":13,"53":10,"54":2,"55":1,"56":1,"57":1,"58":1,"59":1,"60":1,"61":3},"f":{"0":102,"1":0,"2":17,"3":102,"4":5,"5":0,"6":3,"7":0,"8":2,"9":3,"10":1,"11":14,"12":10,"13":1,"14":1,"15":3},"b":{"0":[3,0],"1":[1,0],"2":[1,13],"3":[13,0],"4":[2,8]},"inputSourceMap":null,"_coverageSchema":"1a1c01bbd47fc00a2c39e90264f33305004495a9","hash":"3ec6c297f39d0e368dbb410871c2ac3627dde479"}
,"/Users/wongliliana/4d-art-generation/js/ui/state.js": {"path":"/Users/wongliliana/4d-art-generation/js/ui/state.js","statementMap":{"0":{"start":{"line":11,"column":23},"end":{"line":19,"column":1}},"1":{"start":{"line":22,"column":20},"end":{"line":22,"column":29}},"2":{"start":{"line":30,"column":14},"end":{"line":30,"column":28}},"3":{"start":{"line":32,"column":2},"end":{"line":39,"column":4}},"4":{"start":{"line":33,"column":21},"end":{"line":33,"column":33}},"5":{"start":{"line":37,"column":6},"end":{"line":37,"column":30}},"6":{"start":{"line":49,"column":23},"end":{"line":49,"column":48}},"7":{"start":{"line":52,"column":2},"end":{"line":84,"column":3}},"8":{"start":{"line":54,"column":6},"end":{"line":54,"column":67}},"9":{"start":{"line":55,"column":6},"end":{"line":55,"column":12}},"10":{"start":{"line":58,"column":6},"end":{"line":58,"column":61}},"11":{"start":{"line":59,"column":6},"end":{"line":59,"column":12}},"12":{"start":{"line":62,"column":6},"end":{"line":62,"column":65}},"13":{"start":{"line":63,"column":6},"end":{"line":63,"column":12}},"14":{"start":{"line":66,"column":6},"end":{"line":66,"column":66}},"15":{"start":{"line":67,"column":6},"end":{"line":67,"column":12}},"16":{"start":{"line":70,"column":6},"end":{"line":70,"column":65}},"17":{"start":{"line":71,"column":6},"end":{"line":71,"column":12}},"18":{"start":{"line":74,"column":6},"end":{"line":74,"column":67}},"19":{"start":{"line":75,"column":6},"end":{"line":75,"column":12}},"20":{"start":{"line":78,"column":6},"end":{"line":78,"column":61}},"21":{"start":{"line":79,"column":6},"end":{"line":79,"column":12}},"22":{"start":{"line":83,"column":6},"end":{"line":83,"column":26}},"23":{"start":{"line":87,"column":2},"end":{"line":87,"column":37}},"24":{"start":{"line":90,"column":2},"end":{"line":90,"column":54}},"25":{"start":{"line":90,"column":34},"end":{"line":90,"column":52}},"26":{"start":{"line":92,"column":2},"end":{"line":92,"column":18}},"27":{"start":{"line":102,"column":2},"end":{"line":102,"column":28}},"28":{"start":{"line":105,"column":2},"end":{"line":107,"column":4}},"29":{"start":{"line":106,"column":4},"end":{"line":106,"column":33}},"30":{"start":{"line":111,"column":28},"end":{"line":142,"column":1}}},"fnMap":{"0":{"name":"createState","decl":{"start":{"line":29,"column":16},"end":{"line":29,"column":27}},"loc":{"start":{"line":29,"column":37},"end":{"line":40,"column":1}},"line":29},"1":{"name":"(anonymous_1)","decl":{"start":{"line":33,"column":14},"end":{"line":33,"column":15}},"loc":{"start":{"line":33,"column":21},"end":{"line":33,"column":33}},"line":33},"2":{"name":"(anonymous_2)","decl":{"start":{"line":36,"column":15},"end":{"line":36,"column":16}},"loc":{"start":{"line":36,"column":29},"end":{"line":38,"column":5}},"line":36},"3":{"name":"dispatch","decl":{"start":{"line":48,"column":16},"end":{"line":48,"column":24}},"loc":{"start":{"line":48,"column":49},"end":{"line":93,"column":1}},"line":48},"4":{"name":"(anonymous_4)","decl":{"start":{"line":90,"column":22},"end":{"line":90,"column":23}},"loc":{"start":{"line":90,"column":34},"end":{"line":90,"column":52}},"line":90},"5":{"name":"subscribe","decl":{"start":{"line":101,"column":16},"end":{"line":101,"column":25}},"loc":{"start":{"line":101,"column":52},"end":{"line":108,"column":1}},"line":101},"6":{"name":"(anonymous_6)","decl":{"start":{"line":105,"column":9},"end":{"line":105,"column":10}},"loc":{"start":{"line":105,"column":15},"end":{"line":107,"column":3}},"line":105}},"branchMap":{"0":{"loc":{"start":{"line":52,"column":2},"end":{"line":84,"column":3}},"type":"switch","locations":[{"start":{"line":53,"column":4},"end":{"line":55,"column":12}},{"start":{"line":57,"column":4},"end":{"line":59,"column":12}},{"start":{"line":61,"column":4},"end":{"line":63,"column":12}},{"start":{"line":65,"column":4},"end":{"line":67,"column":12}},{"start":{"line":69,"column":4},"end":{"line":71,"column":12}},{"start":{"line":73,"column":4},"end":{"line":75,"column":12}},{"start":{"line":77,"column":4},"end":{"line":79,"column":12}},{"start":{"line":81,"column":4},"end":{"line":83,"column":26}}],"line":52}},"s":{"0":1,"1":1,"2":14,"3":14,"4":20,"5":12,"6":13,"7":13,"8":6,"9":6,"10":1,"11":1,"12":1,"13":1,"14":1,"15":1,"16":1,"17":1,"18":1,"19":1,"20":1,"21":1,"22":1,"23":12,"24":12,"25":6,"26":12,"27":4,"28":4,"29":2,"30":1},"f":{"0":14,"1":20,"2":12,"3":13,"4":6,"5":4,"6":2},"b":{"0":[6,1,1,1,1,1,1,1]},"inputSourceMap":null,"_coverageSchema":"1a1c01bbd47fc00a2c39e90264f33305004495a9","hash":"7498835ab7488f38946ae105edc3cb9e91cb8d32"}
,"/Users/wongliliana/4d-art-generation/js/utils/hash.js": {"path":"/Users/wongliliana/4d-art-generation/js/utils/hash.js","statementMap":{"0":{"start":{"line":14,"column":14},"end":{"line":14,"column":34}},"1":{"start":{"line":15,"column":18},"end":{"line":15,"column":35}},"2":{"start":{"line":16,"column":21},"end":{"line":16,"column":40}},"3":{"start":{"line":17,"column":21},"end":{"line":17,"column":70}},"4":{"start":{"line":18,"column":20},"end":{"line":18,"column":58}},"5":{"start":{"line":19,"column":2},"end":{"line":19,"column":82}},"6":{"start":{"line":19,"column":40},"end":{"line":19,"column":71}},"7":{"start":{"line":28,"column":22},"end":{"line":28,"column":46}},"8":{"start":{"line":29,"column":21},"end":{"line":29,"column":71}},"9":{"start":{"line":30,"column":20},"end":{"line":30,"column":58}},"10":{"start":{"line":31,"column":2},"end":{"line":31,"column":82}},"11":{"start":{"line":31,"column":40},"end":{"line":31,"column":71}}},"fnMap":{"0":{"name":"generateContentHash","decl":{"start":{"line":13,"column":22},"end":{"line":13,"column":41}},"loc":{"start":{"line":13,"column":48},"end":{"line":20,"column":1}},"line":13},"1":{"name":"(anonymous_1)","decl":{"start":{"line":19,"column":35},"end":{"line":19,"column":36}},"loc":{"start":{"line":19,"column":40},"end":{"line":19,"column":71}},"line":19},"2":{"name":"generateFileHash","decl":{"start":{"line":27,"column":22},"end":{"line":27,"column":38}},"loc":{"start":{"line":27,"column":45},"end":{"line":32,"column":1}},"line":27},"3":{"name":"(anonymous_3)","decl":{"start":{"line":31,"column":35},"end":{"line":31,"column":36}},"loc":{"start":{"line":31,"column":40},"end":{"line":31,"column":71}},"line":31}},"branchMap":{},"s":{"0":6,"1":6,"2":0,"3":0,"4":0,"5":0,"6":0,"7":4,"8":0,"9":0,"10":0,"11":0},"f":{"0":6,"1":0,"2":4,"3":0},"b":{},"inputSourceMap":null,"_coverageSchema":"1a1c01bbd47fc00a2c39e90264f33305004495a9","hash":"8a966311554f19b708aa9aa8f6da19c3d242c329"}
}
