TN:
SF:js/fourD/generators.js
FN:27,validateResolution
FN:42,generateTesseract
FN:95,generate4DSphere
FN:141,generate4DOctahedron
FN:184,generate4DDodecahedron
FN:247,generate4DIcosahedron
FN:309,generate4DTorus
FN:360,generate
FNF:8
FNH:8
FNDA:24,validateResolution
FNDA:6,generateTesseract
FNDA:6,generate4DSphere
FNDA:3,generate4DOctahedron
FNDA:3,generate4DDodecahedron
FNDA:3,generate4DIcosahedron
FNDA:3,generate4DTorus
FNDA:7,generate
DA:19,1
DA:20,1
DA:28,24
DA:29,0
DA:31,24
DA:32,0
DA:43,6
DA:44,6
DA:45,6
DA:46,6
DA:48,6
DA:49,68
DA:50,1296
DA:51,34880
DA:53,1065216
DA:54,1065216
DA:55,1065216
DA:56,1065216
DA:59,1065216
DA:61,1065216
DA:62,54965
DA:68,54965
DA:69,54965
DA:70,54965
DA:71,54965
DA:73,54965
DA:74,54965
DA:76,54965
DA:77,54965
DA:78,54965
DA:79,54965
DA:86,6
DA:96,6
DA:97,6
DA:98,6
DA:99,6
DA:101,6
DA:102,48
DA:103,384
DA:104,3072
DA:105,24576
DA:106,24576
DA:107,24576
DA:108,24576
DA:110,24576
DA:112,24576
DA:113,790
DA:119,790
DA:120,790
DA:121,790
DA:123,790
DA:124,790
DA:125,790
DA:126,790
DA:133,6
DA:142,3
DA:143,3
DA:144,3
DA:146,3
DA:147,24
DA:148,192
DA:149,1536
DA:150,12288
DA:151,12288
DA:152,12288
DA:153,12288
DA:156,12288
DA:158,12288
DA:159,387
DA:164,387
DA:166,387
DA:167,387
DA:168,387
DA:169,387
DA:176,3
DA:185,3
DA:186,3
DA:187,3
DA:190,3
DA:191,3
DA:194,3
DA:202,3
DA:203,24
DA:204,192
DA:205,1536
DA:206,12288
DA:207,12288
DA:208,12288
DA:209,12288
DA:212,12288
DA:213,12288
DA:214,245760
DA:215,245760
DA:216,245760
DA:217,245760
DA:218,245760
DA:221,12288
DA:222,516
DA:227,516
DA:229,516
DA:230,516
DA:231,516
DA:232,516
DA:239,3
DA:248,3
DA:249,3
DA:250,3
DA:253,3
DA:256,3
DA:262,3
DA:263,24
DA:264,192
DA:265,1536
DA:266,12288
DA:267,12288
DA:268,12288
DA:269,12288
DA:272,12288
DA:273,12288
DA:274,147456
DA:275,147456
DA:276,147456
DA:277,147456
DA:278,147456
DA:281,12288
DA:282,216
DA:287,216
DA:289,216
DA:290,216
DA:291,216
DA:292,216
DA:299,3
DA:310,3
DA:311,3
DA:312,3
DA:314,3
DA:315,24
DA:316,192
DA:317,1536
DA:318,12288
DA:319,12288
DA:320,12288
DA:321,12288
DA:324,12288
DA:326,12288
DA:328,12288
DA:330,12288
DA:331,60
DA:336,60
DA:337,60
DA:340,60
DA:341,60
DA:342,60
DA:343,60
DA:344,60
DA:351,3
DA:361,7
DA:363,7
DA:365,1
DA:367,1
DA:369,1
DA:371,1
DA:373,1
DA:375,1
DA:377,1
LF:165
LH:163
BRDA:28,0,0,0
BRDA:28,0,1,24
BRDA:31,1,0,0
BRDA:31,1,1,24
BRDA:31,2,0,24
BRDA:31,2,1,24
BRDA:42,3,0,5
BRDA:61,4,0,54965
BRDA:61,4,1,1010251
BRDA:74,5,0,22064
BRDA:74,5,1,32901
BRDA:95,6,0,0
BRDA:112,7,0,790
BRDA:112,7,1,23786
BRDA:158,8,0,387
BRDA:158,8,1,11901
BRDA:221,9,0,516
BRDA:221,9,1,11772
BRDA:281,10,0,216
BRDA:281,10,1,12072
BRDA:309,11,0,0
BRDA:309,12,0,0
BRDA:330,13,0,60
BRDA:330,13,1,12228
BRDA:360,14,0,0
BRDA:361,15,0,7
BRDA:361,15,1,0
BRDA:361,15,2,0
BRDA:363,16,0,1
BRDA:363,16,1,1
BRDA:363,16,2,1
BRDA:363,16,3,1
BRDA:363,16,4,1
BRDA:363,16,5,1
BRDA:363,16,6,1
BRDA:365,17,0,1
BRDA:365,17,1,0
BRDA:367,18,0,1
BRDA:367,18,1,0
BRDA:375,19,0,1
BRDA:375,19,1,0
BRDA:375,20,0,1
BRDA:375,20,1,0
BRF:43
BRH:31
end_of_record
TN:
SF:js/fourD/slice.js
FN:14,extractSlice
FN:51,extractMultipleSlices
FN:72,toThreePoints
FNF:3
FNH:3
FNDA:10,extractSlice
FNDA:2,extractMultipleSlices
FNDA:3,toThreePoints
DA:15,10
DA:16,2
DA:19,8
DA:21,8
DA:22,32
DA:23,128
DA:25,512
DA:31,512
DA:33,512
DA:34,512
DA:35,512
DA:36,512
DA:41,8
DA:52,2
DA:54,2
DA:55,1
DA:58,1
DA:59,1
DA:60,3
DA:63,1
DA:73,3
DA:74,3
DA:76,3
DA:77,16
DA:78,96
DA:79,640
DA:82,640
DA:83,573
DA:87,67
DA:88,67
DA:89,67
DA:91,67
DA:92,67
DA:102,3
LF:34
LH:34
BRDA:15,0,0,2
BRDA:15,0,1,8
BRDA:15,1,0,10
BRDA:15,1,1,9
BRDA:54,2,0,1
BRDA:54,2,1,1
BRDA:82,3,0,573
BRDA:82,3,1,67
BRF:8
BRH:8
end_of_record
TN:
SF:js/render/camera.js
FN:11,createCamera
FN:21,(anonymous_1)
FN:34,setProjection
FN:58,enableControls
FN:68,(anonymous_4)
FN:76,(anonymous_5)
FN:77,(anonymous_6)
FN:89,setFOV
FN:108,setPosition
FN:130,lookAt
FNF:10
FNH:7
FNDA:18,createCamera
FNDA:3,(anonymous_1)
FNDA:4,setProjection
FNDA:5,enableControls
FNDA:0,(anonymous_4)
FNDA:0,(anonymous_5)
FNDA:0,(anonymous_6)
FNDA:2,setFOV
FNDA:1,setPosition
FNDA:1,lookAt
DA:12,18
DA:23,3
DA:35,4
DA:36,1
DA:37,1
DA:38,1
DA:39,1
DA:42,3
DA:43,2
DA:44,2
DA:45,2
DA:46,2
DA:49,1
DA:59,5
DA:70,0
DA:75,5
DA:76,1
DA:77,1
DA:80,5
DA:90,2
DA:91,0
DA:93,2
DA:94,0
DA:96,2
DA:97,2
DA:109,1
DA:110,0
DA:112,1
DA:113,0
DA:115,1
DA:116,0
DA:118,1
DA:119,1
DA:120,1
DA:132,1
DA:133,1
DA:134,1
LF:37
LH:31
BRDA:35,0,0,1
BRDA:35,0,1,3
BRDA:42,1,0,2
BRDA:42,1,1,1
BRDA:75,2,0,1
BRDA:75,2,1,4
BRDA:75,3,0,5
BRDA:75,3,1,5
BRDA:90,4,0,0
BRDA:90,4,1,2
BRDA:90,5,0,2
BRDA:90,5,1,2
BRDA:93,6,0,0
BRDA:93,6,1,2
BRDA:93,7,0,2
BRDA:93,7,1,2
BRDA:109,8,0,0
BRDA:109,8,1,1
BRDA:109,9,0,1
BRDA:109,9,1,1
BRDA:112,10,0,0
BRDA:112,10,1,1
BRDA:112,11,0,1
BRDA:112,11,1,1
BRDA:115,12,0,0
BRDA:115,12,1,1
BRDA:115,13,0,1
BRDA:115,13,1,1
BRF:28
BRH:23
end_of_record
TN:
SF:js/render/renderer.js
FN:11,createRenderer
FN:22,(anonymous_1)
FN:29,(anonymous_2)
FN:36,(anonymous_3)
FN:40,(anonymous_4)
FN:44,(anonymous_5)
FN:51,(anonymous_6)
FN:59,(anonymous_7)
FN:71,render
FN:84,captureScreenshot
FN:97,setAnimationLoop
FN:107,startAnimationLoop
FN:118,stopAnimationLoop
FN:129,resizeToFit
FNF:14
FNH:12
FNDA:16,createRenderer
FNDA:2,(anonymous_1)
FNDA:0,(anonymous_2)
FNDA:1,(anonymous_3)
FNDA:6,(anonymous_4)
FNDA:3,(anonymous_5)
FNDA:1,(anonymous_6)
FNDA:0,(anonymous_7)
FNDA:4,render
FNDA:3,captureScreenshot
FNDA:2,setAnimationLoop
FNDA:2,startAnimationLoop
FNDA:1,stopAnimationLoop
FNDA:3,resizeToFit
DA:12,16
DA:16,16
DA:23,2
DA:30,0
DA:37,1
DA:41,6
DA:45,3
DA:46,3
DA:47,3
DA:48,3
DA:53,1
DA:54,1
DA:56,0
DA:72,4
DA:73,3
DA:75,1
DA:85,3
DA:86,1
DA:89,2
DA:98,2
DA:99,1
DA:108,2
DA:110,1
DA:119,1
DA:120,1
DA:130,3
DA:131,2
DA:132,2
DA:133,2
LF:29
LH:27
BRDA:12,0,0,16
BRDA:12,0,1,0
BRDA:13,1,0,16
BRDA:13,1,1,0
BRDA:23,2,0,2
BRDA:23,2,1,0
BRDA:53,3,0,1
BRDA:53,3,1,0
BRDA:53,4,0,1
BRDA:53,4,1,1
BRDA:72,5,0,3
BRDA:72,5,1,1
BRDA:72,6,0,4
BRDA:72,6,1,3
BRDA:72,6,2,2
BRDA:84,7,0,2
BRDA:85,8,0,1
BRDA:85,8,1,2
BRDA:85,9,0,3
BRDA:85,9,1,2
BRDA:98,10,0,1
BRDA:98,10,1,1
BRDA:108,11,0,1
BRDA:108,11,1,1
BRDA:108,12,0,2
BRDA:108,12,1,2
BRDA:119,13,0,1
BRDA:119,13,1,0
BRDA:130,14,0,2
BRDA:130,14,1,1
BRDA:130,15,0,3
BRDA:130,15,1,2
BRDA:131,16,0,2
BRDA:131,16,1,1
BRDA:132,17,0,2
BRDA:132,17,1,1
BRF:36
BRH:31
end_of_record
TN:
SF:js/render/scene.js
FN:11,createScene
FN:21,(anonymous_1)
FN:25,(anonymous_2)
FN:32,(anonymous_3)
FN:44,addMesh
FN:69,updateGeometry
FN:91,clearScene
FN:95,(anonymous_7)
FN:106,setSceneLighting
FN:117,(anonymous_9)
FNF:10
FNH:8
FNDA:20,createScene
FNDA:11,(anonymous_1)
FNDA:0,(anonymous_2)
FNDA:0,(anonymous_3)
FNDA:11,addMesh
FNDA:4,updateGeometry
FNDA:3,clearScene
FNDA:10,(anonymous_7)
FNDA:5,setSceneLighting
FNDA:10,(anonymous_9)
DA:14,20
DA:22,11
DA:26,0
DA:27,0
DA:28,0
DA:33,0
DA:45,11
DA:59,11
DA:60,11
DA:70,4
DA:71,1
DA:74,3
DA:75,1
DA:78,2
DA:79,1
DA:80,1
DA:83,2
DA:93,3
DA:96,10
DA:107,5
DA:115,5
DA:117,5
DA:118,10
DA:119,5
DA:121,10
DA:122,5
DA:123,5
LF:27
LH:23
BRDA:27,0,0,0
BRDA:27,0,1,0
BRDA:70,1,0,1
BRDA:70,1,1,3
BRDA:70,2,0,4
BRDA:70,2,1,3
BRDA:74,3,0,1
BRDA:74,3,1,2
BRDA:78,4,0,1
BRDA:78,4,1,1
BRDA:78,5,0,2
BRDA:78,5,1,1
BRDA:96,6,0,10
BRDA:96,6,1,7
BRDA:115,7,0,5
BRDA:115,7,1,1
BRDA:118,8,0,5
BRDA:118,8,1,5
BRDA:121,9,0,5
BRDA:121,9,1,5
BRF:20
BRH:18
end_of_record
TN:
SF:js/ui/controls.js
FN:28,(anonymous_0)
FN:28,(anonymous_1)
FN:53,initControls
FN:83,(anonymous_3)
FN:129,(anonymous_4)
FN:136,(anonymous_5)
FN:142,(anonymous_6)
FN:149,(anonymous_7)
FN:155,(anonymous_8)
FN:172,onParamChange
FN:179,(anonymous_10)
FN:194,setValue
FN:226,notifyListeners
FN:228,(anonymous_13)
FN:236,resetControls
FN:249,getValues
FNF:16
FNH:13
FNDA:102,(anonymous_0)
FNDA:0,(anonymous_1)
FNDA:17,initControls
FNDA:102,(anonymous_3)
FNDA:5,(anonymous_4)
FNDA:0,(anonymous_5)
FNDA:3,(anonymous_6)
FNDA:0,(anonymous_7)
FNDA:2,(anonymous_8)
FNDA:3,onParamChange
FNDA:1,(anonymous_10)
FNDA:14,setValue
FNDA:10,notifyListeners
FNDA:1,(anonymous_13)
FNDA:1,resetControls
FNDA:3,getValues
DA:15,1
DA:28,102
DA:39,1
DA:54,17
DA:67,17
DA:83,102
DA:123,17
DA:124,17
DA:125,17
DA:126,17
DA:127,17
DA:129,17
DA:130,5
DA:131,5
DA:132,5
DA:133,5
DA:136,17
DA:137,0
DA:138,0
DA:139,0
DA:142,17
DA:143,3
DA:144,3
DA:145,3
DA:146,3
DA:149,17
DA:150,0
DA:151,0
DA:152,0
DA:155,17
DA:156,2
DA:157,2
DA:158,2
DA:159,2
DA:162,17
DA:173,3
DA:174,3
DA:177,3
DA:179,3
DA:180,1
DA:181,1
DA:182,1
DA:195,14
DA:203,14
DA:204,1
DA:207,13
DA:209,13
DA:210,13
DA:213,13
DA:214,13
DA:217,13
DA:227,10
DA:228,2
DA:237,1
DA:238,1
DA:239,1
DA:240,1
DA:241,1
DA:250,3
LF:59
LH:53
BRDA:173,0,0,3
BRDA:173,0,1,0
BRDA:181,1,0,1
BRDA:181,1,1,0
BRDA:203,2,0,1
BRDA:203,2,1,13
BRDA:209,3,0,13
BRDA:209,3,1,0
BRDA:227,4,0,2
BRDA:227,4,1,8
BRF:10
BRH:7
end_of_record
TN:
SF:js/ui/state.js
FN:29,createState
FN:33,(anonymous_1)
FN:36,(anonymous_2)
FN:48,dispatch
FN:90,(anonymous_4)
FN:101,subscribe
FN:105,(anonymous_6)
FNF:7
FNH:7
FNDA:14,createState
FNDA:20,(anonymous_1)
FNDA:12,(anonymous_2)
FNDA:13,dispatch
FNDA:6,(anonymous_4)
FNDA:4,subscribe
FNDA:2,(anonymous_6)
DA:11,1
DA:22,1
DA:30,14
DA:32,14
DA:33,20
DA:37,12
DA:49,13
DA:52,13
DA:54,6
DA:55,6
DA:58,1
DA:59,1
DA:62,1
DA:63,1
DA:66,1
DA:67,1
DA:70,1
DA:71,1
DA:74,1
DA:75,1
DA:78,1
DA:79,1
DA:83,1
DA:87,12
DA:90,12
DA:92,12
DA:102,4
DA:105,4
DA:106,2
DA:111,1
LF:30
LH:30
BRDA:52,0,0,6
BRDA:52,0,1,1
BRDA:52,0,2,1
BRDA:52,0,3,1
BRDA:52,0,4,1
BRDA:52,0,5,1
BRDA:52,0,6,1
BRDA:52,0,7,1
BRF:8
BRH:8
end_of_record
TN:
SF:js/utils/hash.js
FN:13,generateContentHash
FN:19,(anonymous_1)
FN:27,generateFileHash
FN:31,(anonymous_3)
FNF:4
FNH:2
FNDA:6,generateContentHash
FNDA:0,(anonymous_1)
FNDA:4,generateFileHash
FNDA:0,(anonymous_3)
DA:14,6
DA:15,6
DA:16,0
DA:17,0
DA:18,0
DA:19,0
DA:28,4
DA:29,0
DA:30,0
DA:31,0
LF:10
LH:3
BRF:0
BRH:0
end_of_record
